DEPRECATION WARNING: Leaving `ActiveRecord::ConnectionAdapters::SQLite3Adapter.represent_boolean_as_integer`
set to false is deprecated. SQLite databases have used 't' and 'f' to serialize
boolean values and must have old data converted to 1 and 0 (its native boolean
serialization) before setting this flag to true. Conversion can be accomplished
by setting up a rake task which runs

  ExampleModel.where("boolean_column = 't'").update_all(boolean_column: 1)
  ExampleModel.where("boolean_column = 'f'").update_all(boolean_column: 0)

for all models and all boolean columns, after which the flag must be set to
true by adding the following to your application.rb file:

  Rails.application.config.active_record.sqlite3.represent_boolean_as_integer = true
 (called from <top (required)> at /home/vagrant/work/JE_skillupB2/app/models/application_record.rb:1)
  [1m[35m (0.1ms)[0m  [1m[34mSELECT sqlite_version(*)[0m
  [1m[35m (1.1ms)[0m  [1m[35mCREATE TABLE "schema_migrations" ("version" varchar NOT NULL PRIMARY KEY)[0m
  [1m[35m (1.3ms)[0m  [1m[35mCREATE TABLE "ar_internal_metadata" ("key" varchar NOT NULL PRIMARY KEY, "value" varchar, "created_at" datetime NOT NULL, "updated_at" datetime NOT NULL)[0m
  [1m[35m (0.3ms)[0m  [1m[34mSELECT "schema_migrations"."version" FROM "schema_migrations" ORDER BY "schema_migrations"."version" ASC[0m
Migrating to CreateBooks (20170307140030)
  [1m[35m (0.1ms)[0m  [1m[36mbegin transaction[0m
  [1m[35m (0.9ms)[0m  [1m[35mCREATE TABLE "books" ("id" integer PRIMARY KEY AUTOINCREMENT NOT NULL, "title" varchar, "body" text, "created_at" datetime NOT NULL, "updated_at" datetime NOT NULL)[0m
  [1m[36mActiveRecord::SchemaMigration Create (1.0ms)[0m  [1m[32mINSERT INTO "schema_migrations" ("version") VALUES (?)[0m  [["version", "20170307140030"]]
  [1m[35m (1.4ms)[0m  [1m[36mcommit transaction[0m
Migrating to DeviseCreateUsers (20170309083441)
  [1m[35m (0.1ms)[0m  [1m[36mbegin transaction[0m
  [1m[35m (1.5ms)[0m  [1m[35mCREATE TABLE "users" ("id" integer PRIMARY KEY AUTOINCREMENT NOT NULL, "email" varchar DEFAULT '' NOT NULL, "encrypted_password" varchar DEFAULT '' NOT NULL, "reset_password_token" varchar, "reset_password_sent_at" datetime, "remember_created_at" datetime, "sign_in_count" integer DEFAULT 0 NOT NULL, "current_sign_in_at" datetime, "last_sign_in_at" datetime, "current_sign_in_ip" varchar, "last_sign_in_ip" varchar, "name" varchar, "introduction" text, "profile_image_id" varchar, "created_at" datetime NOT NULL, "updated_at" datetime NOT NULL)[0m
  [1m[35m (0.2ms)[0m  [1m[35mCREATE UNIQUE INDEX "index_users_on_email" ON "users" ("email")[0m
  [1m[35m (0.2ms)[0m  [1m[35mCREATE UNIQUE INDEX "index_users_on_reset_password_token" ON "users" ("reset_password_token")[0m
  [1m[36mActiveRecord::SchemaMigration Create (0.7ms)[0m  [1m[32mINSERT INTO "schema_migrations" ("version") VALUES (?)[0m  [["version", "20170309083441"]]
  [1m[35m (0.8ms)[0m  [1m[36mcommit transaction[0m
Migrating to AddUserIdToBook (20170309135632)
  [1m[35m (0.0ms)[0m  [1m[36mbegin transaction[0m
  [1m[35m (1.4ms)[0m  [1m[35mALTER TABLE "books" ADD "user_id" integer[0m
  [1m[36mActiveRecord::SchemaMigration Create (0.9ms)[0m  [1m[32mINSERT INTO "schema_migrations" ("version") VALUES (?)[0m  [["version", "20170309135632"]]
  [1m[35m (0.6ms)[0m  [1m[36mcommit transaction[0m
  [1m[36mActiveRecord::InternalMetadata Load (0.3ms)[0m  [1m[34mSELECT  "ar_internal_metadata".* FROM "ar_internal_metadata" WHERE "ar_internal_metadata"."key" = ? LIMIT ?[0m  [["key", "environment"], ["LIMIT", 1]]
  [1m[35m (0.0ms)[0m  [1m[36mbegin transaction[0m
  [1m[36mActiveRecord::InternalMetadata Create (0.9ms)[0m  [1m[32mINSERT INTO "ar_internal_metadata" ("key", "value", "created_at", "updated_at") VALUES (?, ?, ?, ?)[0m  [["key", "environment"], ["value", "development"], ["created_at", "2021-06-09 04:56:00.875014"], ["updated_at", "2021-06-09 04:56:00.875014"]]
  [1m[35m (1.0ms)[0m  [1m[36mcommit transaction[0m
  [1m[35m (0.2ms)[0m  [1m[34mSELECT "schema_migrations"."version" FROM "schema_migrations" ORDER BY "schema_migrations"."version" ASC[0m
DEPRECATION WARNING: Leaving `ActiveRecord::ConnectionAdapters::SQLite3Adapter.represent_boolean_as_integer`
set to false is deprecated. SQLite databases have used 't' and 'f' to serialize
boolean values and must have old data converted to 1 and 0 (its native boolean
serialization) before setting this flag to true. Conversion can be accomplished
by setting up a rake task which runs

  ExampleModel.where("boolean_column = 't'").update_all(boolean_column: 1)
  ExampleModel.where("boolean_column = 'f'").update_all(boolean_column: 0)

for all models and all boolean columns, after which the flag must be set to
true by adding the following to your application.rb file:

  Rails.application.config.active_record.sqlite3.represent_boolean_as_integer = true
 (called from <top (required)> at /home/vagrant/work/JE_skillupB2/app/models/application_record.rb:1)
Started GET "/" for 10.0.2.2 at 2021-06-09 04:56:12 +0000
Cannot render console from 10.0.2.2! Allowed networks: 127.0.0.1, ::1, 127.0.0.0/127.255.255.255
  [1m[35m (0.3ms)[0m  [1m[34mSELECT "schema_migrations"."version" FROM "schema_migrations" ORDER BY "schema_migrations"."version" ASC[0m
Processing by HomeController#top as HTML
  Rendering home/top.html.erb within layouts/application
  Rendered home/top.html.erb within layouts/application (3.2ms)
Started GET "/" for 10.0.2.2 at 2021-06-09 04:56:16 +0000
Cannot render console from 10.0.2.2! Allowed networks: 127.0.0.1, ::1, 127.0.0.0/127.255.255.255
Processing by HomeController#top as HTML
  Rendering home/top.html.erb within layouts/application
  Rendered home/top.html.erb within layouts/application (1.9ms)
  [1m[36mUser Load (0.7ms)[0m  [1m[34mSELECT  "users".* FROM "users" WHERE "users"."id" = ? ORDER BY "users"."id" ASC LIMIT ?[0m  [["id", 2], ["LIMIT", 1]]
  Rendered layouts/_header.html.erb (13.3ms)
  [1m[36mUser Load (0.6ms)[0m  [1m[34mSELECT  "users".* FROM "users" WHERE "users"."id" = ? ORDER BY "users"."id" ASC LIMIT ?[0m  [["id", 2], ["LIMIT", 1]]
  Rendered layouts/_header.html.erb (14.1ms)
  Rendered layouts/_footer.html.erb (0.3ms)
Completed 200 OK in 4780ms (Views: 4762.8ms | ActiveRecord: 0.6ms)


  Rendered layouts/_footer.html.erb (0.2ms)
Completed 200 OK in 1010ms (Views: 992.7ms | ActiveRecord: 2.5ms)


DEPRECATION WARNING: Leaving `ActiveRecord::ConnectionAdapters::SQLite3Adapter.represent_boolean_as_integer`
set to false is deprecated. SQLite databases have used 't' and 'f' to serialize
boolean values and must have old data converted to 1 and 0 (its native boolean
serialization) before setting this flag to true. Conversion can be accomplished
by setting up a rake task which runs

  ExampleModel.where("boolean_column = 't'").update_all(boolean_column: 1)
  ExampleModel.where("boolean_column = 'f'").update_all(boolean_column: 0)

for all models and all boolean columns, after which the flag must be set to
true by adding the following to your application.rb file:

  Rails.application.config.active_record.sqlite3.represent_boolean_as_integer = true
 (called from <top (required)> at /home/vagrant/work/JE_skillupB2/app/models/application_record.rb:1)
DEPRECATION WARNING: Leaving `ActiveRecord::ConnectionAdapters::SQLite3Adapter.represent_boolean_as_integer`
set to false is deprecated. SQLite databases have used 't' and 'f' to serialize
boolean values and must have old data converted to 1 and 0 (its native boolean
serialization) before setting this flag to true. Conversion can be accomplished
by setting up a rake task which runs

  ExampleModel.where("boolean_column = 't'").update_all(boolean_column: 1)
  ExampleModel.where("boolean_column = 'f'").update_all(boolean_column: 0)

for all models and all boolean columns, after which the flag must be set to
true by adding the following to your application.rb file:

  Rails.application.config.active_record.sqlite3.represent_boolean_as_integer = true
 (called from <top (required)> at /home/vagrant/work/JE_skillupB2/app/models/application_record.rb:1)
  [1m[35m (1.0ms)[0m  [1m[34mSELECT "schema_migrations"."version" FROM "schema_migrations" ORDER BY "schema_migrations"."version" ASC[0m
Migrating to ActsAsTaggableOnMigration (20210726061921)
  [1m[35m (0.1ms)[0m  [1m[36mbegin transaction[0m
  [1m[35m (0.1ms)[0m  [1m[34mSELECT sqlite_version(*)[0m
  [1m[35m (2.3ms)[0m  [1m[35mCREATE TABLE "tags" ("id" integer PRIMARY KEY AUTOINCREMENT NOT NULL, "name" varchar, "created_at" datetime, "updated_at" datetime)[0m
  [1m[35m (0.1ms)[0m  [1m[35mCREATE TABLE "taggings" ("id" integer PRIMARY KEY AUTOINCREMENT NOT NULL, "tag_id" integer, "taggable_type" varchar, "taggable_id" integer, "tagger_type" varchar, "tagger_id" integer, "context" varchar(128), "created_at" datetime, CONSTRAINT "fk_rails_9fcd2e236b"
FOREIGN KEY ("tag_id")
  REFERENCES "tags" ("id")
)[0m
  [1m[35m (0.1ms)[0m  [1m[35mCREATE  INDEX "index_taggings_on_tag_id" ON "taggings" ("tag_id")[0m
  [1m[35m (0.1ms)[0m  [1m[35mCREATE  INDEX "taggings_taggable_context_idx" ON "taggings" ("taggable_id", "taggable_type", "context")[0m
  [1m[36mActiveRecord::SchemaMigration Create (1.1ms)[0m  [1m[32mINSERT INTO "schema_migrations" ("version") VALUES (?)[0m  [["version", "20210726061921"]]
  [1m[35m (2.0ms)[0m  [1m[36mcommit transaction[0m
Migrating to AddMissingUniqueIndices (20210726061922)
  [1m[35m (0.1ms)[0m  [1m[36mbegin transaction[0m
  [1m[35m (1.0ms)[0m  [1m[35mCREATE UNIQUE INDEX "index_tags_on_name" ON "tags" ("name")[0m
  [1m[35m (1.7ms)[0m  [1m[35mDROP INDEX "index_taggings_on_tag_id"[0m
  [1m[35m (0.5ms)[0m  [1m[35mDROP INDEX "taggings_taggable_context_idx"[0m
  [1m[35m (0.2ms)[0m  [1m[35mCREATE UNIQUE INDEX "taggings_idx" ON "taggings" ("tag_id", "taggable_id", "taggable_type", "context", "tagger_id", "tagger_type")[0m
  [1m[36mActiveRecord::SchemaMigration Create (0.8ms)[0m  [1m[32mINSERT INTO "schema_migrations" ("version") VALUES (?)[0m  [["version", "20210726061922"]]
  [1m[35m (1.4ms)[0m  [1m[36mcommit transaction[0m
Migrating to AddTaggingsCounterCacheToTags (20210726061923)
  [1m[35m (0.1ms)[0m  [1m[36mbegin transaction[0m
  [1m[35m (2.0ms)[0m  [1m[35mALTER TABLE "tags" ADD "taggings_count" integer DEFAULT 0[0m
  [1m[36mActsAsTaggableOn::Tag Load (0.1ms)[0m  [1m[34mSELECT  "tags".* FROM "tags" ORDER BY "tags"."id" ASC LIMIT ?[0m  [["LIMIT", 1000]]
  [1m[36mActiveRecord::SchemaMigration Create (1.0ms)[0m  [1m[32mINSERT INTO "schema_migrations" ("version") VALUES (?)[0m  [["version", "20210726061923"]]
  [1m[35m (1.1ms)[0m  [1m[36mcommit transaction[0m
Migrating to AddMissingTaggableIndex (20210726061924)
  [1m[35m (0.0ms)[0m  [1m[36mbegin transaction[0m
  [1m[35m (1.2ms)[0m  [1m[35mCREATE  INDEX "taggings_taggable_context_idx" ON "taggings" ("taggable_id", "taggable_type", "context")[0m
  [1m[36mActiveRecord::SchemaMigration Create (0.9ms)[0m  [1m[32mINSERT INTO "schema_migrations" ("version") VALUES (?)[0m  [["version", "20210726061924"]]
  [1m[35m (1.1ms)[0m  [1m[36mcommit transaction[0m
Migrating to ChangeCollationForTagNames (20210726061925)
  [1m[35m (0.1ms)[0m  [1m[36mbegin transaction[0m
  [1m[36mActiveRecord::SchemaMigration Create (1.7ms)[0m  [1m[32mINSERT INTO "schema_migrations" ("version") VALUES (?)[0m  [["version", "20210726061925"]]
  [1m[35m (0.8ms)[0m  [1m[36mcommit transaction[0m
Migrating to AddMissingIndexesOnTaggings (20210726061926)
  [1m[35m (0.1ms)[0m  [1m[36mbegin transaction[0m
  [1m[35m (1.3ms)[0m  [1m[35mCREATE  INDEX "index_taggings_on_tag_id" ON "taggings" ("tag_id")[0m
  [1m[35m (0.1ms)[0m  [1m[35mCREATE  INDEX "index_taggings_on_taggable_id" ON "taggings" ("taggable_id")[0m
  [1m[35m (0.2ms)[0m  [1m[35mCREATE  INDEX "index_taggings_on_taggable_type" ON "taggings" ("taggable_type")[0m
  [1m[35m (0.1ms)[0m  [1m[35mCREATE  INDEX "index_taggings_on_tagger_id" ON "taggings" ("tagger_id")[0m
  [1m[35m (0.1ms)[0m  [1m[35mCREATE  INDEX "index_taggings_on_context" ON "taggings" ("context")[0m
  [1m[35m (0.1ms)[0m  [1m[35mCREATE  INDEX "index_taggings_on_tagger_id_and_tagger_type" ON "taggings" ("tagger_id", "tagger_type")[0m
  [1m[35m (0.2ms)[0m  [1m[35mCREATE  INDEX "taggings_idy" ON "taggings" ("taggable_id", "taggable_type", "tagger_id", "context")[0m
  [1m[36mActiveRecord::SchemaMigration Create (39.6ms)[0m  [1m[32mINSERT INTO "schema_migrations" ("version") VALUES (?)[0m  [["version", "20210726061926"]]
  [1m[35m (2.7ms)[0m  [1m[36mcommit transaction[0m
  [1m[36mActiveRecord::InternalMetadata Load (0.8ms)[0m  [1m[34mSELECT  "ar_internal_metadata".* FROM "ar_internal_metadata" WHERE "ar_internal_metadata"."key" = ? LIMIT ?[0m  [["key", "environment"], ["LIMIT", 1]]
  [1m[35m (0.0ms)[0m  [1m[36mbegin transaction[0m
  [1m[35m (0.0ms)[0m  [1m[36mcommit transaction[0m
  [1m[35m (0.2ms)[0m  [1m[34mSELECT "schema_migrations"."version" FROM "schema_migrations" ORDER BY "schema_migrations"."version" ASC[0m
DEPRECATION WARNING: Leaving `ActiveRecord::ConnectionAdapters::SQLite3Adapter.represent_boolean_as_integer`
set to false is deprecated. SQLite databases have used 't' and 'f' to serialize
boolean values and must have old data converted to 1 and 0 (its native boolean
serialization) before setting this flag to true. Conversion can be accomplished
by setting up a rake task which runs

  ExampleModel.where("boolean_column = 't'").update_all(boolean_column: 1)
  ExampleModel.where("boolean_column = 'f'").update_all(boolean_column: 0)

for all models and all boolean columns, after which the flag must be set to
true by adding the following to your application.rb file:

  Rails.application.config.active_record.sqlite3.represent_boolean_as_integer = true
 (called from <top (required)> at /home/vagrant/work/JE_skillupB2/app/models/application_record.rb:1)
Started GET "/users/password/new" for 10.0.2.2 at 2021-07-26 06:43:59 +0000
Cannot render console from 10.0.2.2! Allowed networks: 127.0.0.1, ::1, 127.0.0.0/127.255.255.255
  [1m[35m (0.7ms)[0m  [1m[34mSELECT "schema_migrations"."version" FROM "schema_migrations" ORDER BY "schema_migrations"."version" ASC[0m
Processing by Devise::PasswordsController#new as HTML
  Rendering devise/passwords/new.html.erb within layouts/application
DEPRECATION WARNING: [Devise] `DeviseHelper#devise_error_messages!` is deprecated and will be
removed in the next major version.

Devise now uses a partial under "devise/shared/error_messages" to display
error messages by default, and make them easier to customize. Update your
views changing calls from:

    <%= devise_error_messages! %>

to:

    <%= render "devise/shared/error_messages", resource: resource %>

To start customizing how errors are displayed, you can copy the partial
from devise to your `app/views` folder. Alternatively, you can run
`rails g devise:views` which will copy all of them again to your app.
 (called from block in _app_views_devise_passwords_new_html_erb__4327660503226025392_33435860 at /home/vagrant/work/JE_skillupB2/app/views/devise/passwords/new.html.erb:4)
  Rendered devise/shared/_links.html.erb (1.4ms)
  Rendered devise/passwords/new.html.erb within layouts/application (21.8ms)
  Rendered layouts/_header.html.erb (0.8ms)
  Rendered layouts/_footer.html.erb (0.3ms)
Completed 200 OK in 595ms (Views: 570.8ms | ActiveRecord: 2.1ms)


Started GET "/users/sign_up" for 10.0.2.2 at 2021-07-26 06:44:02 +0000
Cannot render console from 10.0.2.2! Allowed networks: 127.0.0.1, ::1, 127.0.0.0/127.255.255.255
Processing by Devise::RegistrationsController#new as HTML
  Rendering devise/registrations/new.html.erb within layouts/application
DEPRECATION WARNING: [Devise] `DeviseHelper#devise_error_messages!` is deprecated and will be
removed in the next major version.

Devise now uses a partial under "devise/shared/error_messages" to display
error messages by default, and make them easier to customize. Update your
views changing calls from:

    <%= devise_error_messages! %>

to:

    <%= render "devise/shared/error_messages", resource: resource %>

To start customizing how errors are displayed, you can copy the partial
from devise to your `app/views` folder. Alternatively, you can run
`rails g devise:views` which will copy all of them again to your app.
 (called from block in _app_views_devise_registrations_new_html_erb__4334925476490612396_70071854795040 at /home/vagrant/work/JE_skillupB2/app/views/devise/registrations/new.html.erb:4)
  Rendered devise/shared/_links.html.erb (0.8ms)
  Rendered devise/registrations/new.html.erb within layouts/application (7.4ms)
  Rendered layouts/_header.html.erb (1.2ms)
  Rendered layouts/_footer.html.erb (0.3ms)
Completed 200 OK in 90ms (Views: 87.4ms | ActiveRecord: 0.0ms)


Started POST "/users" for 10.0.2.2 at 2021-07-26 06:44:11 +0000
Cannot render console from 10.0.2.2! Allowed networks: 127.0.0.1, ::1, 127.0.0.0/127.255.255.255
Processing by Devise::RegistrationsController#create as HTML
  Parameters: {"utf8"=>"✓", "authenticity_token"=>"BEpsWy2EAKKsAATNtZBhIN7YsXD3xC2gE1Dqhs2hc9y4YPTARLh2tgtpGtCDLbLYEtFV2ShZY99hjooGak8jMA==", "user"=>{"name"=>"pppppp", "email"=>"p@p", "password"=>"[FILTERED]", "password_confirmation"=>"[FILTERED]"}, "commit"=>"Sign up"}
  [1m[35m (0.1ms)[0m  [1m[36mbegin transaction[0m
  [1m[36mUser Exists (0.6ms)[0m  [1m[34mSELECT  1 AS one FROM "users" WHERE "users"."email" = ? LIMIT ?[0m  [["email", "p@p"], ["LIMIT", 1]]
  [1m[36mUser Create (2.2ms)[0m  [1m[32mINSERT INTO "users" ("email", "encrypted_password", "name", "created_at", "updated_at") VALUES (?, ?, ?, ?, ?)[0m  [["email", "p@p"], ["encrypted_password", "$2a$11$iNxQXRpuwzPlL4X6HBg4wuQ1Vw69S54RCC7xzWuv6CLOnL88LjZNq"], ["name", "pppppp"], ["created_at", "2021-07-26 06:44:11.679665"], ["updated_at", "2021-07-26 06:44:11.679665"]]
  [1m[35m (1.0ms)[0m  [1m[36mcommit transaction[0m
  [1m[35m (0.0ms)[0m  [1m[36mbegin transaction[0m
  [1m[36mUser Update (2.6ms)[0m  [1m[33mUPDATE "users" SET "sign_in_count" = ?, "current_sign_in_at" = ?, "last_sign_in_at" = ?, "current_sign_in_ip" = ?, "last_sign_in_ip" = ?, "updated_at" = ? WHERE "users"."id" = ?[0m  [["sign_in_count", 1], ["current_sign_in_at", "2021-07-26 06:44:11.684917"], ["last_sign_in_at", "2021-07-26 06:44:11.684917"], ["current_sign_in_ip", "10.0.2.2"], ["last_sign_in_ip", "10.0.2.2"], ["updated_at", "2021-07-26 06:44:11.685355"], ["id", 1]]
  [1m[35m (1.3ms)[0m  [1m[36mcommit transaction[0m
Redirected to http://localhost:3000/users/1
Completed 302 Found in 154ms (ActiveRecord: 7.7ms)


Started GET "/users/1" for 10.0.2.2 at 2021-07-26 06:44:11 +0000
Cannot render console from 10.0.2.2! Allowed networks: 127.0.0.1, ::1, 127.0.0.0/127.255.255.255
Processing by UsersController#show as HTML
  Parameters: {"id"=>"1"}
  [1m[36mUser Load (1.1ms)[0m  [1m[34mSELECT  "users".* FROM "users" WHERE "users"."id" = ? ORDER BY "users"."id" ASC LIMIT ?[0m  [["id", 1], ["LIMIT", 1]]
  [1m[36mUser Load (0.3ms)[0m  [1m[34mSELECT  "users".* FROM "users" WHERE "users"."id" = ? LIMIT ?[0m  [["id", 1], ["LIMIT", 1]]
  Rendering users/show.html.erb within layouts/application
  Rendered users/_info.html.erb (4.0ms)
  Rendered books/_form.html.erb (4.8ms)
  Rendered users/show.html.erb within layouts/application (14.4ms)
Completed 500 Internal Server Error in 64ms (ActiveRecord: 2.1ms)


  
ActionView::Template::Error (undefined method `tag_list' for nil:NilClass):
    10:   </div>
    11:   <div>
    12:     <%= f.label :tag_list %>
    13:     <%= f.text_field :tag_list, value: @task.tag_list.join(','), class: "form-control col-xs-12 book_tags" %>
    14:   </div>
    15: 
    16:   <div class="actions row">
  
app/views/books/_form.html.erb:13:in `block in _app_views_books__form_html_erb__448597795360102466_70071907643080'
app/views/books/_form.html.erb:1:in `_app_views_books__form_html_erb__448597795360102466_70071907643080'
app/views/users/show.html.erb:8:in `_app_views_users_show_html_erb__4143414915304558188_70071907562980'
Started GET "/users/1" for 10.0.2.2 at 2021-07-26 06:44:41 +0000
Cannot render console from 10.0.2.2! Allowed networks: 127.0.0.1, ::1, 127.0.0.0/127.255.255.255
Processing by UsersController#show as HTML
  Parameters: {"id"=>"1"}
  [1m[36mUser Load (0.6ms)[0m  [1m[34mSELECT  "users".* FROM "users" WHERE "users"."id" = ? ORDER BY "users"."id" ASC LIMIT ?[0m  [["id", 1], ["LIMIT", 1]]
  [1m[36mUser Load (0.2ms)[0m  [1m[34mSELECT  "users".* FROM "users" WHERE "users"."id" = ? LIMIT ?[0m  [["id", 1], ["LIMIT", 1]]
  Rendering users/show.html.erb within layouts/application
  Rendered users/_info.html.erb (4.2ms)
  Rendered books/_form.html.erb (7.2ms)
  Rendered users/show.html.erb within layouts/application (19.3ms)
Completed 500 Internal Server Error in 35ms (ActiveRecord: 0.8ms)


  
ActionView::Template::Error (undefined method `tag_list' for nil:NilClass):
    10:   </div>
    11:   <div>
    12:     <%= f.label :tag_list %>
    13:     <%= f.text_field :tag_list, value: @task.tag_list.join(','), class: "form-control col-xs-12 book_tags" %>
    14:   </div>
    15: 
    16:   <div class="actions row">
  
app/views/books/_form.html.erb:13:in `block in _app_views_books__form_html_erb__448597795360102466_70071855661480'
app/views/books/_form.html.erb:1:in `_app_views_books__form_html_erb__448597795360102466_70071855661480'
app/views/users/show.html.erb:8:in `_app_views_users_show_html_erb__4143414915304558188_70071855586020'
Started POST "/users" for 10.0.2.2 at 2021-07-26 06:44:57 +0000
Cannot render console from 10.0.2.2! Allowed networks: 127.0.0.1, ::1, 127.0.0.0/127.255.255.255
Processing by Devise::RegistrationsController#create as HTML
  Parameters: {"utf8"=>"✓", "authenticity_token"=>"y4b+hRYljQqlax+PKiTv2yEb27EHdgW26LxOC/vLBkmgbt+GOITHeXifNRUAP5h+KDcWXSPO32ZVVwWqNMODIA==", "user"=>{"name"=>"pppppp", "email"=>"p@p", "password"=>"[FILTERED]", "password_confirmation"=>"[FILTERED]"}, "commit"=>"Sign up"}
  [1m[36mUser Load (0.3ms)[0m  [1m[34mSELECT  "users".* FROM "users" WHERE "users"."id" = ? ORDER BY "users"."id" ASC LIMIT ?[0m  [["id", 1], ["LIMIT", 1]]
Redirected to http://localhost:3000/users/1
Filter chain halted as :require_no_authentication rendered or redirected
Completed 302 Found in 4ms (ActiveRecord: 0.3ms)


Started GET "/users/1" for 10.0.2.2 at 2021-07-26 06:44:57 +0000
Cannot render console from 10.0.2.2! Allowed networks: 127.0.0.1, ::1, 127.0.0.0/127.255.255.255
Processing by UsersController#show as HTML
  Parameters: {"id"=>"1"}
  [1m[36mUser Load (0.5ms)[0m  [1m[34mSELECT  "users".* FROM "users" WHERE "users"."id" = ? ORDER BY "users"."id" ASC LIMIT ?[0m  [["id", 1], ["LIMIT", 1]]
  [1m[36mUser Load (0.6ms)[0m  [1m[34mSELECT  "users".* FROM "users" WHERE "users"."id" = ? LIMIT ?[0m  [["id", 1], ["LIMIT", 1]]
  Rendering users/show.html.erb within layouts/application
  Rendered users/_info.html.erb (3.2ms)
  Rendered books/_form.html.erb (3.6ms)
  Rendered users/show.html.erb within layouts/application (11.7ms)
Completed 500 Internal Server Error in 28ms (ActiveRecord: 1.1ms)


  
ActionView::Template::Error (undefined method `tag_list' for nil:NilClass):
    10:   </div>
    11:   <div>
    12:     <%= f.label :tag_list %>
    13:     <%= f.text_field :tag_list, value: @task.tag_list.join(','), class: "form-control col-xs-12 book_tags" %>
    14:   </div>
    15: 
    16:   <div class="actions row">
  
app/views/books/_form.html.erb:13:in `block in _app_views_books__form_html_erb__448597795360102466_70071897444020'
app/views/books/_form.html.erb:1:in `_app_views_books__form_html_erb__448597795360102466_70071897444020'
app/views/users/show.html.erb:8:in `_app_views_users_show_html_erb__4143414915304558188_70071897261440'
Started GET "/users/1" for 10.0.2.2 at 2021-07-26 06:45:20 +0000
Cannot render console from 10.0.2.2! Allowed networks: 127.0.0.1, ::1, 127.0.0.0/127.255.255.255
Processing by UsersController#show as HTML
  Parameters: {"id"=>"1"}
  [1m[36mUser Load (0.4ms)[0m  [1m[34mSELECT  "users".* FROM "users" WHERE "users"."id" = ? ORDER BY "users"."id" ASC LIMIT ?[0m  [["id", 1], ["LIMIT", 1]]
  [1m[36mUser Load (0.3ms)[0m  [1m[34mSELECT  "users".* FROM "users" WHERE "users"."id" = ? LIMIT ?[0m  [["id", 1], ["LIMIT", 1]]
  Rendering users/show.html.erb within layouts/application
  Rendered users/_info.html.erb (4.5ms)
  Rendered books/_form.html.erb (25.1ms)
  [1m[36mBook Load (0.9ms)[0m  [1m[34mSELECT "books".* FROM "books" WHERE "books"."user_id" = ?[0m  [["user_id", 1]]
  Rendered books/_index.html.erb (2.3ms)
  Rendered users/show.html.erb within layouts/application (42.4ms)
  Rendered layouts/_header.html.erb (0.9ms)
  Rendered layouts/_footer.html.erb (0.4ms)
Completed 200 OK in 150ms (Views: 141.3ms | ActiveRecord: 3.4ms)


Started GET "/users/1" for 10.0.2.2 at 2021-07-26 06:45:49 +0000
Cannot render console from 10.0.2.2! Allowed networks: 127.0.0.1, ::1, 127.0.0.0/127.255.255.255
Processing by UsersController#show as HTML
  Parameters: {"id"=>"1"}
  [1m[36mUser Load (0.8ms)[0m  [1m[34mSELECT  "users".* FROM "users" WHERE "users"."id" = ? ORDER BY "users"."id" ASC LIMIT ?[0m  [["id", 1], ["LIMIT", 1]]
  [1m[36mUser Load (0.6ms)[0m  [1m[34mSELECT  "users".* FROM "users" WHERE "users"."id" = ? LIMIT ?[0m  [["id", 1], ["LIMIT", 1]]
  Rendering users/show.html.erb within layouts/application
  Rendered users/_info.html.erb (3.0ms)
  Rendered books/_form.html.erb (4.2ms)
  [1m[36mBook Load (0.3ms)[0m  [1m[34mSELECT "books".* FROM "books" WHERE "books"."user_id" = ?[0m  [["user_id", 1]]
  Rendered books/_index.html.erb (1.8ms)
  Rendered users/show.html.erb within layouts/application (17.5ms)
  Rendered layouts/_header.html.erb (0.8ms)
  Rendered layouts/_footer.html.erb (0.3ms)
Completed 200 OK in 101ms (Views: 93.7ms | ActiveRecord: 1.7ms)


Started POST "/books" for 10.0.2.2 at 2021-07-26 06:46:07 +0000
Cannot render console from 10.0.2.2! Allowed networks: 127.0.0.1, ::1, 127.0.0.0/127.255.255.255
Processing by BooksController#create as HTML
  Parameters: {"utf8"=>"✓", "authenticity_token"=>"JTqH23EDh3P17yl1L1sNX6OtfNsuIQdYgf9g8J484lxO0qbYX6LNACgbA+8FQHr6qoGxNwqZ3Yg8FCtRUTRnNQ==", "book"=>{"title"=>"tag", "body"=>"test", "tag_list"=>"book,rails,JE"}, "commit"=>"Create Book"}
  [1m[36mUser Load (0.3ms)[0m  [1m[34mSELECT  "users".* FROM "users" WHERE "users"."id" = ? ORDER BY "users"."id" ASC LIMIT ?[0m  [["id", 1], ["LIMIT", 1]]
  [1m[35m (0.1ms)[0m  [1m[36mbegin transaction[0m
  [1m[36mUser Load (0.3ms)[0m  [1m[34mSELECT  "users".* FROM "users" WHERE "users"."id" = ? LIMIT ?[0m  [["id", 1], ["LIMIT", 1]]
  [1m[36mBook Create (1.4ms)[0m  [1m[32mINSERT INTO "books" ("title", "body", "created_at", "updated_at", "user_id") VALUES (?, ?, ?, ?, ?)[0m  [["title", "tag"], ["body", "test"], ["created_at", "2021-07-26 06:46:07.883896"], ["updated_at", "2021-07-26 06:46:07.883896"], ["user_id", 1]]
  [1m[36mActsAsTaggableOn::Tag Load (0.5ms)[0m  [1m[34mSELECT "tags".* FROM "tags" WHERE (LOWER(name) = LOWER('book') OR LOWER(name) = LOWER('rails') OR LOWER(name) = LOWER('je'))[0m
  [1m[36mActsAsTaggableOn::Tag Exists (0.6ms)[0m  [1m[34mSELECT  1 AS one FROM "tags" WHERE "tags"."name" = ? LIMIT ?[0m  [["name", "book"], ["LIMIT", 1]]
  [1m[36mActsAsTaggableOn::Tag Create (0.6ms)[0m  [1m[32mINSERT INTO "tags" ("name", "created_at", "updated_at") VALUES (?, ?, ?)[0m  [["name", "book"], ["created_at", "2021-07-26 06:46:07.956141"], ["updated_at", "2021-07-26 06:46:07.956141"]]
  [1m[36mActsAsTaggableOn::Tag Exists (0.1ms)[0m  [1m[34mSELECT  1 AS one FROM "tags" WHERE "tags"."name" = ? LIMIT ?[0m  [["name", "rails"], ["LIMIT", 1]]
  [1m[36mActsAsTaggableOn::Tag Create (0.1ms)[0m  [1m[32mINSERT INTO "tags" ("name", "created_at", "updated_at") VALUES (?, ?, ?)[0m  [["name", "rails"], ["created_at", "2021-07-26 06:46:07.958848"], ["updated_at", "2021-07-26 06:46:07.958848"]]
  [1m[36mActsAsTaggableOn::Tag Exists (0.1ms)[0m  [1m[34mSELECT  1 AS one FROM "tags" WHERE "tags"."name" = ? LIMIT ?[0m  [["name", "JE"], ["LIMIT", 1]]
  [1m[36mActsAsTaggableOn::Tag Create (0.1ms)[0m  [1m[32mINSERT INTO "tags" ("name", "created_at", "updated_at") VALUES (?, ?, ?)[0m  [["name", "JE"], ["created_at", "2021-07-26 06:46:07.961138"], ["updated_at", "2021-07-26 06:46:07.961138"]]
  [1m[36mActsAsTaggableOn::Tag Load (0.4ms)[0m  [1m[34mSELECT "tags".* FROM "tags" INNER JOIN "taggings" ON "tags"."id" = "taggings"."tag_id" WHERE "taggings"."taggable_id" = ? AND "taggings"."taggable_type" = ? AND (taggings.context = 'tags' AND taggings.tagger_id IS NULL)[0m  [["taggable_id", 1], ["taggable_type", "Book"]]
  [1m[36mActsAsTaggableOn::Tag Load (0.1ms)[0m  [1m[34mSELECT  "tags".* FROM "tags" WHERE "tags"."id" = ? LIMIT ?[0m  [["id", 1], ["LIMIT", 1]]
  [1m[36mActsAsTaggableOn::Tagging Exists (0.7ms)[0m  [1m[34mSELECT  1 AS one FROM "taggings" WHERE "taggings"."tag_id" = ? AND "taggings"."taggable_type" = ? AND "taggings"."taggable_id" = ? AND "taggings"."context" = ? AND "taggings"."tagger_id" IS NULL AND "taggings"."tagger_type" IS NULL LIMIT ?[0m  [["tag_id", 1], ["taggable_type", "Book"], ["taggable_id", 1], ["context", "tags"], ["LIMIT", 1]]
  [1m[36mActsAsTaggableOn::Tagging Create (14.2ms)[0m  [1m[32mINSERT INTO "taggings" ("tag_id", "taggable_type", "taggable_id", "context", "created_at") VALUES (?, ?, ?, ?, ?)[0m  [["tag_id", 1], ["taggable_type", "Book"], ["taggable_id", 1], ["context", "tags"], ["created_at", "2021-07-26 06:46:07.992078"]]
  [1m[36mActsAsTaggableOn::Tag Update All (0.2ms)[0m  [1m[33mUPDATE "tags" SET "taggings_count" = COALESCE("taggings_count", 0) + 1 WHERE "tags"."id" = ?[0m  [["id", 1]]
  [1m[36mActsAsTaggableOn::Tag Load (0.1ms)[0m  [1m[34mSELECT  "tags".* FROM "tags" WHERE "tags"."id" = ? LIMIT ?[0m  [["id", 2], ["LIMIT", 1]]
  [1m[36mActsAsTaggableOn::Tagging Exists (0.1ms)[0m  [1m[34mSELECT  1 AS one FROM "taggings" WHERE "taggings"."tag_id" = ? AND "taggings"."taggable_type" = ? AND "taggings"."taggable_id" = ? AND "taggings"."context" = ? AND "taggings"."tagger_id" IS NULL AND "taggings"."tagger_type" IS NULL LIMIT ?[0m  [["tag_id", 2], ["taggable_type", "Book"], ["taggable_id", 1], ["context", "tags"], ["LIMIT", 1]]
  [1m[36mActsAsTaggableOn::Tagging Create (0.1ms)[0m  [1m[32mINSERT INTO "taggings" ("tag_id", "taggable_type", "taggable_id", "context", "created_at") VALUES (?, ?, ?, ?, ?)[0m  [["tag_id", 2], ["taggable_type", "Book"], ["taggable_id", 1], ["context", "tags"], ["created_at", "2021-07-26 06:46:08.015961"]]
  [1m[36mActsAsTaggableOn::Tag Update All (0.2ms)[0m  [1m[33mUPDATE "tags" SET "taggings_count" = COALESCE("taggings_count", 0) + 1 WHERE "tags"."id" = ?[0m  [["id", 2]]
  [1m[36mActsAsTaggableOn::Tag Load (0.1ms)[0m  [1m[34mSELECT  "tags".* FROM "tags" WHERE "tags"."id" = ? LIMIT ?[0m  [["id", 3], ["LIMIT", 1]]
  [1m[36mActsAsTaggableOn::Tagging Exists (0.2ms)[0m  [1m[34mSELECT  1 AS one FROM "taggings" WHERE "taggings"."tag_id" = ? AND "taggings"."taggable_type" = ? AND "taggings"."taggable_id" = ? AND "taggings"."context" = ? AND "taggings"."tagger_id" IS NULL AND "taggings"."tagger_type" IS NULL LIMIT ?[0m  [["tag_id", 3], ["taggable_type", "Book"], ["taggable_id", 1], ["context", "tags"], ["LIMIT", 1]]
  [1m[36mActsAsTaggableOn::Tagging Create (0.1ms)[0m  [1m[32mINSERT INTO "taggings" ("tag_id", "taggable_type", "taggable_id", "context", "created_at") VALUES (?, ?, ?, ?, ?)[0m  [["tag_id", 3], ["taggable_type", "Book"], ["taggable_id", 1], ["context", "tags"], ["created_at", "2021-07-26 06:46:08.025777"]]
  [1m[36mActsAsTaggableOn::Tag Update All (0.2ms)[0m  [1m[33mUPDATE "tags" SET "taggings_count" = COALESCE("taggings_count", 0) + 1 WHERE "tags"."id" = ?[0m  [["id", 3]]
  [1m[35m (3.2ms)[0m  [1m[36mcommit transaction[0m
Redirected to http://localhost:3000/books/1
Completed 302 Found in 170ms (ActiveRecord: 24.3ms)


Started GET "/books/1" for 10.0.2.2 at 2021-07-26 06:46:08 +0000
Cannot render console from 10.0.2.2! Allowed networks: 127.0.0.1, ::1, 127.0.0.0/127.255.255.255
Processing by BooksController#show as HTML
  Parameters: {"id"=>"1"}
  [1m[36mBook Load (0.8ms)[0m  [1m[34mSELECT  "books".* FROM "books" WHERE "books"."id" = ? LIMIT ?[0m  [["id", 1], ["LIMIT", 1]]
  Rendering books/show.html.erb within layouts/application
  [1m[36mUser Load (0.5ms)[0m  [1m[34mSELECT  "users".* FROM "users" WHERE "users"."id" = ? LIMIT ?[0m  [["id", 1], ["LIMIT", 1]]
  Rendered users/_info.html.erb (3.6ms)
  Rendered books/_form.html.erb (2.5ms)
  [1m[36mUser Load (0.7ms)[0m  [1m[34mSELECT  "users".* FROM "users" WHERE "users"."id" = ? ORDER BY "users"."id" ASC LIMIT ?[0m  [["id", 1], ["LIMIT", 1]]
  Rendered books/show.html.erb within layouts/application (19.0ms)
  Rendered layouts/_header.html.erb (0.9ms)
  Rendered layouts/_footer.html.erb (0.5ms)
Completed 200 OK in 101ms (Views: 92.9ms | ActiveRecord: 1.9ms)


Started GET "/books" for 10.0.2.2 at 2021-07-26 06:46:15 +0000
Cannot render console from 10.0.2.2! Allowed networks: 127.0.0.1, ::1, 127.0.0.0/127.255.255.255
Processing by BooksController#index as HTML
  [1m[36mUser Load (0.5ms)[0m  [1m[34mSELECT  "users".* FROM "users" WHERE "users"."id" = ? ORDER BY "users"."id" ASC LIMIT ?[0m  [["id", 1], ["LIMIT", 1]]
  Rendering books/index.html.erb within layouts/application
  Rendered layouts/_errors.html.erb (0.4ms)
  Rendered users/_info.html.erb (3.7ms)
  Rendered books/_form.html.erb (3.3ms)
  [1m[36mBook Load (0.3ms)[0m  [1m[34mSELECT "books".* FROM "books"[0m
  [1m[36mUser Load (0.3ms)[0m  [1m[34mSELECT  "users".* FROM "users" WHERE "users"."id" = ? LIMIT ?[0m  [["id", 1], ["LIMIT", 1]]
  [1m[36mActsAsTaggableOn::Tagging Load (0.3ms)[0m  [1m[34mSELECT "taggings".* FROM "taggings" WHERE "taggings"."taggable_id" = ? AND "taggings"."taggable_type" = ?[0m  [["taggable_id", 1], ["taggable_type", "Book"]]
  [1m[36mActsAsTaggableOn::Tag Load (0.6ms)[0m  [1m[34mSELECT "tags".* FROM "tags" INNER JOIN "taggings" ON "tags"."id" = "taggings"."tag_id" WHERE "taggings"."taggable_id" = ? AND "taggings"."taggable_type" = ? AND (taggings.context = 'tags' AND taggings.tagger_id IS NULL)[0m  [["taggable_id", 1], ["taggable_type", "Book"]]
  Rendered books/_tag_list.html.erb (348.3ms)
  Rendered books/_index.html.erb (363.8ms)
  Rendered books/index.html.erb within layouts/application (384.2ms)
Completed 500 Internal Server Error in 394ms (ActiveRecord: 2.0ms)


  
ActionView::Template::Error (undefined local variable or method `tag_lsit' for #<#<Class:0x00007f75c03501f0>:0x00007f75d04c70c8>
Did you mean?  tag_list):
    1: <% tag_lsit.each do |tag| %>
    2:     <span class="badge badge-primary mr-1 p-2 "><%= tag %></span>
    3: <% end %>
  
app/views/books/_tag_list.html.erb:1:in `_app_views_books__tag_list_html_erb__325584995834326413_70071991600900'
app/views/books/_index.html.erb:19:in `block in _app_views_books__index_html_erb___2626132619010363969_70071991490200'
app/views/books/_index.html.erb:12:in `_app_views_books__index_html_erb___2626132619010363969_70071991490200'
app/views/books/index.html.erb:15:in `_app_views_books_index_html_erb__2526650447993634447_70071991287180'
Started GET "/books" for 10.0.2.2 at 2021-07-26 06:47:36 +0000
Cannot render console from 10.0.2.2! Allowed networks: 127.0.0.1, ::1, 127.0.0.0/127.255.255.255
Processing by BooksController#index as HTML
  [1m[36mUser Load (0.6ms)[0m  [1m[34mSELECT  "users".* FROM "users" WHERE "users"."id" = ? ORDER BY "users"."id" ASC LIMIT ?[0m  [["id", 1], ["LIMIT", 1]]
  Rendering books/index.html.erb within layouts/application
  Rendered layouts/_errors.html.erb (0.9ms)
  Rendered users/_info.html.erb (7.6ms)
  Rendered books/_form.html.erb (2.8ms)
  [1m[36mBook Load (0.6ms)[0m  [1m[34mSELECT "books".* FROM "books"[0m
  [1m[36mUser Load (0.4ms)[0m  [1m[34mSELECT  "users".* FROM "users" WHERE "users"."id" = ? LIMIT ?[0m  [["id", 1], ["LIMIT", 1]]
  [1m[36mActsAsTaggableOn::Tagging Load (0.3ms)[0m  [1m[34mSELECT "taggings".* FROM "taggings" WHERE "taggings"."taggable_id" = ? AND "taggings"."taggable_type" = ?[0m  [["taggable_id", 1], ["taggable_type", "Book"]]
  [1m[36mActsAsTaggableOn::Tag Load (0.7ms)[0m  [1m[34mSELECT "tags".* FROM "tags" INNER JOIN "taggings" ON "tags"."id" = "taggings"."tag_id" WHERE "taggings"."taggable_id" = ? AND "taggings"."taggable_type" = ? AND (taggings.context = 'tags' AND taggings.tagger_id IS NULL)[0m  [["taggable_id", 1], ["taggable_type", "Book"]]
  Rendered books/_tag_list.html.erb (0.4ms)
  Rendered books/_index.html.erb (11.0ms)
  Rendered books/index.html.erb within layouts/application (41.9ms)
  Rendered layouts/_header.html.erb (0.7ms)
  Rendered layouts/_footer.html.erb (0.3ms)
Completed 200 OK in 139ms (Views: 131.4ms | ActiveRecord: 2.6ms)


Started GET "/books" for 10.0.2.2 at 2021-07-26 06:47:59 +0000
Cannot render console from 10.0.2.2! Allowed networks: 127.0.0.1, ::1, 127.0.0.0/127.255.255.255
Processing by BooksController#index as HTML
  [1m[36mUser Load (0.8ms)[0m  [1m[34mSELECT  "users".* FROM "users" WHERE "users"."id" = ? ORDER BY "users"."id" ASC LIMIT ?[0m  [["id", 1], ["LIMIT", 1]]
  Rendering books/index.html.erb within layouts/application
  Rendered layouts/_errors.html.erb (1.0ms)
  Rendered users/_info.html.erb (5.4ms)
  Rendered books/_form.html.erb (3.8ms)
  [1m[36mBook Load (0.4ms)[0m  [1m[34mSELECT "books".* FROM "books"[0m
  [1m[36mUser Load (0.4ms)[0m  [1m[34mSELECT  "users".* FROM "users" WHERE "users"."id" = ? LIMIT ?[0m  [["id", 1], ["LIMIT", 1]]
  [1m[36mActsAsTaggableOn::Tagging Load (0.5ms)[0m  [1m[34mSELECT "taggings".* FROM "taggings" WHERE "taggings"."taggable_id" = ? AND "taggings"."taggable_type" = ?[0m  [["taggable_id", 1], ["taggable_type", "Book"]]
  [1m[36mActsAsTaggableOn::Tag Load (0.4ms)[0m  [1m[34mSELECT "tags".* FROM "tags" INNER JOIN "taggings" ON "tags"."id" = "taggings"."tag_id" WHERE "taggings"."taggable_id" = ? AND "taggings"."taggable_type" = ? AND (taggings.context = 'tags' AND taggings.tagger_id IS NULL)[0m  [["taggable_id", 1], ["taggable_type", "Book"]]
  Rendered books/_tag_list.html.erb (0.3ms)
  Rendered books/_index.html.erb (11.3ms)
  Rendered books/index.html.erb within layouts/application (37.4ms)
  Rendered layouts/_header.html.erb (0.7ms)
  Rendered layouts/_footer.html.erb (0.2ms)
Completed 200 OK in 126ms (Views: 119.5ms | ActiveRecord: 2.4ms)


Started GET "/books" for 10.0.2.2 at 2021-07-26 06:48:11 +0000
Cannot render console from 10.0.2.2! Allowed networks: 127.0.0.1, ::1, 127.0.0.0/127.255.255.255
Processing by BooksController#index as HTML
  [1m[36mUser Load (0.6ms)[0m  [1m[34mSELECT  "users".* FROM "users" WHERE "users"."id" = ? ORDER BY "users"."id" ASC LIMIT ?[0m  [["id", 1], ["LIMIT", 1]]
  Rendering books/index.html.erb within layouts/application
  Rendered layouts/_errors.html.erb (0.4ms)
  Rendered users/_info.html.erb (5.3ms)
  Rendered books/_form.html.erb (2.4ms)
  [1m[36mBook Load (0.5ms)[0m  [1m[34mSELECT "books".* FROM "books"[0m
  [1m[36mUser Load (0.3ms)[0m  [1m[34mSELECT  "users".* FROM "users" WHERE "users"."id" = ? LIMIT ?[0m  [["id", 1], ["LIMIT", 1]]
  [1m[36mActsAsTaggableOn::Tagging Load (0.4ms)[0m  [1m[34mSELECT "taggings".* FROM "taggings" WHERE "taggings"."taggable_id" = ? AND "taggings"."taggable_type" = ?[0m  [["taggable_id", 1], ["taggable_type", "Book"]]
  [1m[36mActsAsTaggableOn::Tag Load (0.8ms)[0m  [1m[34mSELECT "tags".* FROM "tags" INNER JOIN "taggings" ON "tags"."id" = "taggings"."tag_id" WHERE "taggings"."taggable_id" = ? AND "taggings"."taggable_type" = ? AND (taggings.context = 'tags' AND taggings.tagger_id IS NULL)[0m  [["taggable_id", 1], ["taggable_type", "Book"]]
  Rendered books/_tag_list.html.erb (0.8ms)
  Rendered books/_index.html.erb (14.5ms)
  Rendered books/index.html.erb within layouts/application (37.5ms)
  Rendered layouts/_header.html.erb (0.7ms)
  Rendered layouts/_footer.html.erb (0.5ms)
Completed 200 OK in 156ms (Views: 148.9ms | ActiveRecord: 2.6ms)


Started GET "/users" for 10.0.2.2 at 2021-07-26 06:48:18 +0000
Cannot render console from 10.0.2.2! Allowed networks: 127.0.0.1, ::1, 127.0.0.0/127.255.255.255
Processing by UsersController#index as HTML
  [1m[36mUser Load (0.3ms)[0m  [1m[34mSELECT  "users".* FROM "users" WHERE "users"."id" = ? ORDER BY "users"."id" ASC LIMIT ?[0m  [["id", 1], ["LIMIT", 1]]
  Rendering users/index.html.erb within layouts/application
  Rendered users/_info.html.erb (3.2ms)
  Rendered books/_form.html.erb (2.5ms)
  [1m[36mUser Load (0.5ms)[0m  [1m[34mSELECT "users".* FROM "users"[0m
  Rendered users/_index.html.erb (5.5ms)
  Rendered users/index.html.erb within layouts/application (22.0ms)
  Rendered layouts/_header.html.erb (0.8ms)
  Rendered layouts/_footer.html.erb (0.4ms)
Completed 200 OK in 97ms (Views: 91.9ms | ActiveRecord: 0.8ms)


Started GET "/users/1" for 10.0.2.2 at 2021-07-26 06:48:21 +0000
Cannot render console from 10.0.2.2! Allowed networks: 127.0.0.1, ::1, 127.0.0.0/127.255.255.255
Processing by UsersController#show as HTML
  Parameters: {"id"=>"1"}
  [1m[36mUser Load (1.2ms)[0m  [1m[34mSELECT  "users".* FROM "users" WHERE "users"."id" = ? ORDER BY "users"."id" ASC LIMIT ?[0m  [["id", 1], ["LIMIT", 1]]
  [1m[36mUser Load (0.5ms)[0m  [1m[34mSELECT  "users".* FROM "users" WHERE "users"."id" = ? LIMIT ?[0m  [["id", 1], ["LIMIT", 1]]
  Rendering users/show.html.erb within layouts/application
  Rendered users/_info.html.erb (4.4ms)
  Rendered books/_form.html.erb (2.8ms)
  [1m[36mBook Load (0.2ms)[0m  [1m[34mSELECT "books".* FROM "books" WHERE "books"."user_id" = ?[0m  [["user_id", 1]]
  [1m[36mActsAsTaggableOn::Tagging Load (0.5ms)[0m  [1m[34mSELECT "taggings".* FROM "taggings" WHERE "taggings"."taggable_id" = ? AND "taggings"."taggable_type" = ?[0m  [["taggable_id", 1], ["taggable_type", "Book"]]
  [1m[36mActsAsTaggableOn::Tag Load (0.6ms)[0m  [1m[34mSELECT "tags".* FROM "tags" INNER JOIN "taggings" ON "tags"."id" = "taggings"."tag_id" WHERE "taggings"."taggable_id" = ? AND "taggings"."taggable_type" = ? AND (taggings.context = 'tags' AND taggings.tagger_id IS NULL)[0m  [["taggable_id", 1], ["taggable_type", "Book"]]
  Rendered books/_tag_list.html.erb (0.5ms)
  Rendered books/_index.html.erb (10.6ms)
  Rendered users/show.html.erb within layouts/application (28.9ms)
  Rendered layouts/_header.html.erb (0.7ms)
  Rendered layouts/_footer.html.erb (0.2ms)
Completed 200 OK in 118ms (Views: 106.7ms | ActiveRecord: 3.0ms)


Started GET "/users" for 10.0.2.2 at 2021-07-26 06:48:47 +0000
Cannot render console from 10.0.2.2! Allowed networks: 127.0.0.1, ::1, 127.0.0.0/127.255.255.255
Processing by UsersController#index as HTML
  [1m[36mUser Load (2.8ms)[0m  [1m[34mSELECT  "users".* FROM "users" WHERE "users"."id" = ? ORDER BY "users"."id" ASC LIMIT ?[0m  [["id", 1], ["LIMIT", 1]]
  Rendering users/index.html.erb within layouts/application
  Rendered users/_info.html.erb (5.2ms)
  Rendered books/_form.html.erb (4.3ms)
  [1m[36mUser Load (0.3ms)[0m  [1m[34mSELECT "users".* FROM "users"[0m
  Rendered users/_index.html.erb (3.9ms)
  Rendered users/index.html.erb within layouts/application (24.9ms)
  Rendered layouts/_header.html.erb (0.7ms)
  Rendered layouts/_footer.html.erb (0.2ms)
Completed 200 OK in 140ms (Views: 123.9ms | ActiveRecord: 3.1ms)


Started GET "/users/1" for 10.0.2.2 at 2021-07-26 06:48:48 +0000
Cannot render console from 10.0.2.2! Allowed networks: 127.0.0.1, ::1, 127.0.0.0/127.255.255.255
Processing by UsersController#show as HTML
  Parameters: {"id"=>"1"}
  [1m[36mUser Load (0.6ms)[0m  [1m[34mSELECT  "users".* FROM "users" WHERE "users"."id" = ? ORDER BY "users"."id" ASC LIMIT ?[0m  [["id", 1], ["LIMIT", 1]]
  [1m[36mUser Load (0.8ms)[0m  [1m[34mSELECT  "users".* FROM "users" WHERE "users"."id" = ? LIMIT ?[0m  [["id", 1], ["LIMIT", 1]]
  Rendering users/show.html.erb within layouts/application
  Rendered users/_info.html.erb (6.4ms)
  Rendered books/_form.html.erb (3.3ms)
  [1m[36mBook Load (0.4ms)[0m  [1m[34mSELECT "books".* FROM "books" WHERE "books"."user_id" = ?[0m  [["user_id", 1]]
  [1m[36mActsAsTaggableOn::Tagging Load (0.4ms)[0m  [1m[34mSELECT "taggings".* FROM "taggings" WHERE "taggings"."taggable_id" = ? AND "taggings"."taggable_type" = ?[0m  [["taggable_id", 1], ["taggable_type", "Book"]]
  [1m[36mActsAsTaggableOn::Tag Load (0.6ms)[0m  [1m[34mSELECT "tags".* FROM "tags" INNER JOIN "taggings" ON "tags"."id" = "taggings"."tag_id" WHERE "taggings"."taggable_id" = ? AND "taggings"."taggable_type" = ? AND (taggings.context = 'tags' AND taggings.tagger_id IS NULL)[0m  [["taggable_id", 1], ["taggable_type", "Book"]]
  Rendered books/_tag_list.html.erb (0.4ms)
  Rendered books/_index.html.erb (14.5ms)
  Rendered users/show.html.erb within layouts/application (37.8ms)
  Rendered layouts/_header.html.erb (0.8ms)
  Rendered layouts/_footer.html.erb (0.2ms)
Completed 200 OK in 135ms (Views: 118.1ms | ActiveRecord: 2.9ms)


Started GET "/books" for 10.0.2.2 at 2021-07-26 06:48:50 +0000
Cannot render console from 10.0.2.2! Allowed networks: 127.0.0.1, ::1, 127.0.0.0/127.255.255.255
Processing by BooksController#index as HTML
  [1m[36mUser Load (1.3ms)[0m  [1m[34mSELECT  "users".* FROM "users" WHERE "users"."id" = ? ORDER BY "users"."id" ASC LIMIT ?[0m  [["id", 1], ["LIMIT", 1]]
  Rendering books/index.html.erb within layouts/application
  Rendered layouts/_errors.html.erb (0.4ms)
  Rendered users/_info.html.erb (6.4ms)
  Rendered books/_form.html.erb (3.5ms)
  [1m[36mBook Load (0.3ms)[0m  [1m[34mSELECT "books".* FROM "books"[0m
  [1m[36mUser Load (0.3ms)[0m  [1m[34mSELECT  "users".* FROM "users" WHERE "users"."id" = ? LIMIT ?[0m  [["id", 1], ["LIMIT", 1]]
  [1m[36mActsAsTaggableOn::Tagging Load (0.3ms)[0m  [1m[34mSELECT "taggings".* FROM "taggings" WHERE "taggings"."taggable_id" = ? AND "taggings"."taggable_type" = ?[0m  [["taggable_id", 1], ["taggable_type", "Book"]]
  [1m[36mActsAsTaggableOn::Tag Load (0.6ms)[0m  [1m[34mSELECT "tags".* FROM "tags" INNER JOIN "taggings" ON "tags"."id" = "taggings"."tag_id" WHERE "taggings"."taggable_id" = ? AND "taggings"."taggable_type" = ? AND (taggings.context = 'tags' AND taggings.tagger_id IS NULL)[0m  [["taggable_id", 1], ["taggable_type", "Book"]]
  Rendered books/_tag_list.html.erb (0.3ms)
  Rendered books/_index.html.erb (11.6ms)
  Rendered books/index.html.erb within layouts/application (39.4ms)
  Rendered layouts/_header.html.erb (0.8ms)
  Rendered layouts/_footer.html.erb (0.3ms)
Completed 200 OK in 128ms (Views: 118.7ms | ActiveRecord: 2.8ms)


Started GET "/users" for 10.0.2.2 at 2021-07-26 06:48:51 +0000
Cannot render console from 10.0.2.2! Allowed networks: 127.0.0.1, ::1, 127.0.0.0/127.255.255.255
Processing by UsersController#index as HTML
  [1m[36mUser Load (2.7ms)[0m  [1m[34mSELECT  "users".* FROM "users" WHERE "users"."id" = ? ORDER BY "users"."id" ASC LIMIT ?[0m  [["id", 1], ["LIMIT", 1]]
  Rendering users/index.html.erb within layouts/application
  Rendered users/_info.html.erb (5.4ms)
  Rendered books/_form.html.erb (2.5ms)
  [1m[36mUser Load (0.6ms)[0m  [1m[34mSELECT "users".* FROM "users"[0m
  Rendered users/_index.html.erb (4.7ms)
  Rendered users/index.html.erb within layouts/application (27.7ms)
  Rendered layouts/_header.html.erb (0.7ms)
  Rendered layouts/_footer.html.erb (0.3ms)
Completed 200 OK in 140ms (Views: 124.2ms | ActiveRecord: 3.3ms)


Started GET "/users/1" for 10.0.2.2 at 2021-07-26 06:48:52 +0000
Cannot render console from 10.0.2.2! Allowed networks: 127.0.0.1, ::1, 127.0.0.0/127.255.255.255
Processing by UsersController#show as HTML
  Parameters: {"id"=>"1"}
  [1m[36mUser Load (0.6ms)[0m  [1m[34mSELECT  "users".* FROM "users" WHERE "users"."id" = ? ORDER BY "users"."id" ASC LIMIT ?[0m  [["id", 1], ["LIMIT", 1]]
  [1m[36mUser Load (0.7ms)[0m  [1m[34mSELECT  "users".* FROM "users" WHERE "users"."id" = ? LIMIT ?[0m  [["id", 1], ["LIMIT", 1]]
  Rendering users/show.html.erb within layouts/application
  Rendered users/_info.html.erb (5.3ms)
  Rendered books/_form.html.erb (3.3ms)
  [1m[36mBook Load (0.3ms)[0m  [1m[34mSELECT "books".* FROM "books" WHERE "books"."user_id" = ?[0m  [["user_id", 1]]
  [1m[36mActsAsTaggableOn::Tagging Load (0.3ms)[0m  [1m[34mSELECT "taggings".* FROM "taggings" WHERE "taggings"."taggable_id" = ? AND "taggings"."taggable_type" = ?[0m  [["taggable_id", 1], ["taggable_type", "Book"]]
  [1m[36mActsAsTaggableOn::Tag Load (0.6ms)[0m  [1m[34mSELECT "tags".* FROM "tags" INNER JOIN "taggings" ON "tags"."id" = "taggings"."tag_id" WHERE "taggings"."taggable_id" = ? AND "taggings"."taggable_type" = ? AND (taggings.context = 'tags' AND taggings.tagger_id IS NULL)[0m  [["taggable_id", 1], ["taggable_type", "Book"]]
  Rendered books/_tag_list.html.erb (0.3ms)
  Rendered books/_index.html.erb (11.9ms)
  Rendered users/show.html.erb within layouts/application (32.0ms)
  Rendered layouts/_header.html.erb (0.7ms)
  Rendered layouts/_footer.html.erb (0.2ms)
Completed 200 OK in 124ms (Views: 110.6ms | ActiveRecord: 2.4ms)


Started DELETE "/users/sign_out" for 10.0.2.2 at 2021-07-26 06:48:53 +0000
Cannot render console from 10.0.2.2! Allowed networks: 127.0.0.1, ::1, 127.0.0.0/127.255.255.255
Processing by Devise::SessionsController#destroy as HTML
  Parameters: {"authenticity_token"=>"eT6nbsId7sxfHjApWx/9At/nV5T1cSwQNXhi2IRFESYS1oZt7Lykv4LqGrNxBIqn1suaeNHJ9sCIkyl5S02UTw=="}
  [1m[36mUser Load (0.3ms)[0m  [1m[34mSELECT  "users".* FROM "users" WHERE "users"."id" = ? ORDER BY "users"."id" ASC LIMIT ?[0m  [["id", 1], ["LIMIT", 1]]
  [1m[35m (0.1ms)[0m  [1m[36mbegin transaction[0m
  [1m[35m (0.0ms)[0m  [1m[36mcommit transaction[0m
Redirected to http://localhost:3000/
Completed 302 Found in 7ms (ActiveRecord: 0.4ms)


Started GET "/" for 10.0.2.2 at 2021-07-26 06:48:53 +0000
Cannot render console from 10.0.2.2! Allowed networks: 127.0.0.1, ::1, 127.0.0.0/127.255.255.255
Processing by HomeController#top as HTML
  Rendering home/top.html.erb within layouts/application
  Rendered home/top.html.erb within layouts/application (1.1ms)
  Rendered layouts/_header.html.erb (0.8ms)
  Rendered layouts/_footer.html.erb (0.3ms)
Completed 200 OK in 87ms (Views: 82.5ms | ActiveRecord: 0.0ms)


Started GET "/users/sign_in" for 10.0.2.2 at 2021-07-26 06:48:55 +0000
Cannot render console from 10.0.2.2! Allowed networks: 127.0.0.1, ::1, 127.0.0.0/127.255.255.255
Processing by Devise::SessionsController#new as HTML
  Rendering devise/sessions/new.html.erb within layouts/application
  Rendered devise/shared/_links.html.erb (1.0ms)
  Rendered devise/sessions/new.html.erb within layouts/application (10.8ms)
  Rendered layouts/_header.html.erb (0.8ms)
  Rendered layouts/_footer.html.erb (0.3ms)
Completed 200 OK in 103ms (Views: 101.1ms | ActiveRecord: 0.0ms)


Started GET "/users/sign_up" for 10.0.2.2 at 2021-07-26 06:48:58 +0000
Cannot render console from 10.0.2.2! Allowed networks: 127.0.0.1, ::1, 127.0.0.0/127.255.255.255
Processing by Devise::RegistrationsController#new as HTML
  Rendering devise/registrations/new.html.erb within layouts/application
DEPRECATION WARNING: [Devise] `DeviseHelper#devise_error_messages!` is deprecated and will be
removed in the next major version.

Devise now uses a partial under "devise/shared/error_messages" to display
error messages by default, and make them easier to customize. Update your
views changing calls from:

    <%= devise_error_messages! %>

to:

    <%= render "devise/shared/error_messages", resource: resource %>

To start customizing how errors are displayed, you can copy the partial
from devise to your `app/views` folder. Alternatively, you can run
`rails g devise:views` which will copy all of them again to your app.
 (called from block in _app_views_devise_registrations_new_html_erb__4334925476490612396_70071897886780 at /home/vagrant/work/JE_skillupB2/app/views/devise/registrations/new.html.erb:4)
  Rendered devise/shared/_links.html.erb (0.7ms)
  Rendered devise/registrations/new.html.erb within layouts/application (7.8ms)
  Rendered layouts/_header.html.erb (0.8ms)
  Rendered layouts/_footer.html.erb (0.3ms)
Completed 200 OK in 102ms (Views: 100.0ms | ActiveRecord: 0.0ms)


Started POST "/users" for 10.0.2.2 at 2021-07-26 06:49:05 +0000
Cannot render console from 10.0.2.2! Allowed networks: 127.0.0.1, ::1, 127.0.0.0/127.255.255.255
Processing by Devise::RegistrationsController#create as HTML
  Parameters: {"utf8"=>"✓", "authenticity_token"=>"LMUvjmQ8+0fBXfyFWSXEvnx+1KEhvO8qbeB4rjpOzKCQ+3Cqd6NM17OPga88dZulwDAmfLyhfbgJNuvxcUniRQ==", "user"=>{"name"=>"test", "email"=>"t@t.com", "password"=>"[FILTERED]", "password_confirmation"=>"[FILTERED]"}, "commit"=>"Sign up"}
  [1m[35m (0.1ms)[0m  [1m[36mbegin transaction[0m
  [1m[36mUser Exists (1.8ms)[0m  [1m[34mSELECT  1 AS one FROM "users" WHERE "users"."email" = ? LIMIT ?[0m  [["email", "t@t.com"], ["LIMIT", 1]]
  [1m[36mUser Create (2.0ms)[0m  [1m[32mINSERT INTO "users" ("email", "encrypted_password", "name", "created_at", "updated_at") VALUES (?, ?, ?, ?, ?)[0m  [["email", "t@t.com"], ["encrypted_password", "$2a$11$7cLpRmRHgMjjFhImMeOJBuXCVXKKcz77MFdqy2lvpo8QDcKMoQZ3a"], ["name", "test"], ["created_at", "2021-07-26 06:49:05.320843"], ["updated_at", "2021-07-26 06:49:05.320843"]]
  [1m[35m (2.1ms)[0m  [1m[36mcommit transaction[0m
  [1m[35m (0.1ms)[0m  [1m[36mbegin transaction[0m
  [1m[36mUser Update (2.0ms)[0m  [1m[33mUPDATE "users" SET "sign_in_count" = ?, "current_sign_in_at" = ?, "last_sign_in_at" = ?, "current_sign_in_ip" = ?, "last_sign_in_ip" = ?, "updated_at" = ? WHERE "users"."id" = ?[0m  [["sign_in_count", 1], ["current_sign_in_at", "2021-07-26 06:49:05.327965"], ["last_sign_in_at", "2021-07-26 06:49:05.327965"], ["current_sign_in_ip", "10.0.2.2"], ["last_sign_in_ip", "10.0.2.2"], ["updated_at", "2021-07-26 06:49:05.328769"], ["id", 2]]
  [1m[35m (2.1ms)[0m  [1m[36mcommit transaction[0m
Redirected to http://localhost:3000/users/2
Completed 302 Found in 142ms (ActiveRecord: 10.1ms)


Started GET "/users/2" for 10.0.2.2 at 2021-07-26 06:49:05 +0000
Cannot render console from 10.0.2.2! Allowed networks: 127.0.0.1, ::1, 127.0.0.0/127.255.255.255
Processing by UsersController#show as HTML
  Parameters: {"id"=>"2"}
  [1m[36mUser Load (0.7ms)[0m  [1m[34mSELECT  "users".* FROM "users" WHERE "users"."id" = ? ORDER BY "users"."id" ASC LIMIT ?[0m  [["id", 2], ["LIMIT", 1]]
  [1m[36mUser Load (0.4ms)[0m  [1m[34mSELECT  "users".* FROM "users" WHERE "users"."id" = ? LIMIT ?[0m  [["id", 2], ["LIMIT", 1]]
  Rendering users/show.html.erb within layouts/application
  Rendered users/_info.html.erb (2.9ms)
  Rendered books/_form.html.erb (2.4ms)
  [1m[36mBook Load (0.3ms)[0m  [1m[34mSELECT "books".* FROM "books" WHERE "books"."user_id" = ?[0m  [["user_id", 2]]
  Rendered books/_index.html.erb (1.7ms)
  Rendered users/show.html.erb within layouts/application (14.5ms)
  Rendered layouts/_header.html.erb (0.9ms)
  Rendered layouts/_footer.html.erb (0.3ms)
Completed 200 OK in 95ms (Views: 88.8ms | ActiveRecord: 1.4ms)


Started POST "/books" for 10.0.2.2 at 2021-07-26 06:49:20 +0000
Cannot render console from 10.0.2.2! Allowed networks: 127.0.0.1, ::1, 127.0.0.0/127.255.255.255
Processing by BooksController#create as HTML
  Parameters: {"utf8"=>"✓", "authenticity_token"=>"h4MIkG8AoETSdTQ1SFLVS5zvnLGrtJY+c/KE3DlbQfpulKf6OWRylAP9sumgFn2BXiQkliK3ES2o0Iu7EF1SRA==", "book"=>{"title"=>"taj", "body"=>"gejaio", "tag_list"=>"tag1,tag2,JE"}, "commit"=>"Create Book"}
  [1m[36mUser Load (0.8ms)[0m  [1m[34mSELECT  "users".* FROM "users" WHERE "users"."id" = ? ORDER BY "users"."id" ASC LIMIT ?[0m  [["id", 2], ["LIMIT", 1]]
  [1m[35m (0.1ms)[0m  [1m[36mbegin transaction[0m
  [1m[36mUser Load (0.3ms)[0m  [1m[34mSELECT  "users".* FROM "users" WHERE "users"."id" = ? LIMIT ?[0m  [["id", 2], ["LIMIT", 1]]
  [1m[36mBook Create (2.6ms)[0m  [1m[32mINSERT INTO "books" ("title", "body", "created_at", "updated_at", "user_id") VALUES (?, ?, ?, ?, ?)[0m  [["title", "taj"], ["body", "gejaio"], ["created_at", "2021-07-26 06:49:20.813460"], ["updated_at", "2021-07-26 06:49:20.813460"], ["user_id", 2]]
  [1m[36mActsAsTaggableOn::Tag Load (0.3ms)[0m  [1m[34mSELECT "tags".* FROM "tags" WHERE (LOWER(name) = LOWER('tag1') OR LOWER(name) = LOWER('tag2') OR LOWER(name) = LOWER('je'))[0m
  [1m[36mActsAsTaggableOn::Tag Exists (0.1ms)[0m  [1m[34mSELECT  1 AS one FROM "tags" WHERE "tags"."name" = ? LIMIT ?[0m  [["name", "tag1"], ["LIMIT", 1]]
  [1m[36mActsAsTaggableOn::Tag Create (1.1ms)[0m  [1m[32mINSERT INTO "tags" ("name", "created_at", "updated_at") VALUES (?, ?, ?)[0m  [["name", "tag1"], ["created_at", "2021-07-26 06:49:20.821945"], ["updated_at", "2021-07-26 06:49:20.821945"]]
  [1m[36mActsAsTaggableOn::Tag Exists (0.3ms)[0m  [1m[34mSELECT  1 AS one FROM "tags" WHERE "tags"."name" = ? LIMIT ?[0m  [["name", "tag2"], ["LIMIT", 1]]
  [1m[36mActsAsTaggableOn::Tag Create (0.4ms)[0m  [1m[32mINSERT INTO "tags" ("name", "created_at", "updated_at") VALUES (?, ?, ?)[0m  [["name", "tag2"], ["created_at", "2021-07-26 06:49:20.827387"], ["updated_at", "2021-07-26 06:49:20.827387"]]
  [1m[36mActsAsTaggableOn::Tag Load (0.2ms)[0m  [1m[34mSELECT "tags".* FROM "tags" INNER JOIN "taggings" ON "tags"."id" = "taggings"."tag_id" WHERE "taggings"."taggable_id" = ? AND "taggings"."taggable_type" = ? AND (taggings.context = 'tags' AND taggings.tagger_id IS NULL)[0m  [["taggable_id", 2], ["taggable_type", "Book"]]
  [1m[36mActsAsTaggableOn::Tag Load (0.1ms)[0m  [1m[34mSELECT  "tags".* FROM "tags" WHERE "tags"."id" = ? LIMIT ?[0m  [["id", 4], ["LIMIT", 1]]
  [1m[36mActsAsTaggableOn::Tagging Exists (0.5ms)[0m  [1m[34mSELECT  1 AS one FROM "taggings" WHERE "taggings"."tag_id" = ? AND "taggings"."taggable_type" = ? AND "taggings"."taggable_id" = ? AND "taggings"."context" = ? AND "taggings"."tagger_id" IS NULL AND "taggings"."tagger_type" IS NULL LIMIT ?[0m  [["tag_id", 4], ["taggable_type", "Book"], ["taggable_id", 2], ["context", "tags"], ["LIMIT", 1]]
  [1m[36mActsAsTaggableOn::Tagging Create (2.0ms)[0m  [1m[32mINSERT INTO "taggings" ("tag_id", "taggable_type", "taggable_id", "context", "created_at") VALUES (?, ?, ?, ?, ?)[0m  [["tag_id", 4], ["taggable_type", "Book"], ["taggable_id", 2], ["context", "tags"], ["created_at", "2021-07-26 06:49:20.836831"]]
  [1m[36mActsAsTaggableOn::Tag Update All (0.1ms)[0m  [1m[33mUPDATE "tags" SET "taggings_count" = COALESCE("taggings_count", 0) + 1 WHERE "tags"."id" = ?[0m  [["id", 4]]
  [1m[36mActsAsTaggableOn::Tag Load (0.3ms)[0m  [1m[34mSELECT  "tags".* FROM "tags" WHERE "tags"."id" = ? LIMIT ?[0m  [["id", 5], ["LIMIT", 1]]
  [1m[36mActsAsTaggableOn::Tagging Exists (0.1ms)[0m  [1m[34mSELECT  1 AS one FROM "taggings" WHERE "taggings"."tag_id" = ? AND "taggings"."taggable_type" = ? AND "taggings"."taggable_id" = ? AND "taggings"."context" = ? AND "taggings"."tagger_id" IS NULL AND "taggings"."tagger_type" IS NULL LIMIT ?[0m  [["tag_id", 5], ["taggable_type", "Book"], ["taggable_id", 2], ["context", "tags"], ["LIMIT", 1]]
  [1m[36mActsAsTaggableOn::Tagging Create (0.1ms)[0m  [1m[32mINSERT INTO "taggings" ("tag_id", "taggable_type", "taggable_id", "context", "created_at") VALUES (?, ?, ?, ?, ?)[0m  [["tag_id", 5], ["taggable_type", "Book"], ["taggable_id", 2], ["context", "tags"], ["created_at", "2021-07-26 06:49:20.843998"]]
  [1m[36mActsAsTaggableOn::Tag Update All (0.1ms)[0m  [1m[33mUPDATE "tags" SET "taggings_count" = COALESCE("taggings_count", 0) + 1 WHERE "tags"."id" = ?[0m  [["id", 5]]
  [1m[36mActsAsTaggableOn::Tag Load (0.1ms)[0m  [1m[34mSELECT  "tags".* FROM "tags" WHERE "tags"."id" = ? LIMIT ?[0m  [["id", 3], ["LIMIT", 1]]
  [1m[36mActsAsTaggableOn::Tagging Exists (0.2ms)[0m  [1m[34mSELECT  1 AS one FROM "taggings" WHERE "taggings"."tag_id" = ? AND "taggings"."taggable_type" = ? AND "taggings"."taggable_id" = ? AND "taggings"."context" = ? AND "taggings"."tagger_id" IS NULL AND "taggings"."tagger_type" IS NULL LIMIT ?[0m  [["tag_id", 3], ["taggable_type", "Book"], ["taggable_id", 2], ["context", "tags"], ["LIMIT", 1]]
  [1m[36mActsAsTaggableOn::Tagging Create (0.1ms)[0m  [1m[32mINSERT INTO "taggings" ("tag_id", "taggable_type", "taggable_id", "context", "created_at") VALUES (?, ?, ?, ?, ?)[0m  [["tag_id", 3], ["taggable_type", "Book"], ["taggable_id", 2], ["context", "tags"], ["created_at", "2021-07-26 06:49:20.853295"]]
  [1m[36mActsAsTaggableOn::Tag Update All (0.1ms)[0m  [1m[33mUPDATE "tags" SET "taggings_count" = COALESCE("taggings_count", 0) + 1 WHERE "tags"."id" = ?[0m  [["id", 3]]
  [1m[35m (2.5ms)[0m  [1m[36mcommit transaction[0m
Redirected to http://localhost:3000/books/2
Completed 302 Found in 54ms (ActiveRecord: 12.4ms)


Started GET "/books/2" for 10.0.2.2 at 2021-07-26 06:49:20 +0000
Cannot render console from 10.0.2.2! Allowed networks: 127.0.0.1, ::1, 127.0.0.0/127.255.255.255
Processing by BooksController#show as HTML
  Parameters: {"id"=>"2"}
  [1m[36mBook Load (0.7ms)[0m  [1m[34mSELECT  "books".* FROM "books" WHERE "books"."id" = ? LIMIT ?[0m  [["id", 2], ["LIMIT", 1]]
  Rendering books/show.html.erb within layouts/application
  [1m[36mUser Load (0.4ms)[0m  [1m[34mSELECT  "users".* FROM "users" WHERE "users"."id" = ? LIMIT ?[0m  [["id", 2], ["LIMIT", 1]]
  Rendered users/_info.html.erb (3.3ms)
  Rendered books/_form.html.erb (2.9ms)
  [1m[36mUser Load (0.3ms)[0m  [1m[34mSELECT  "users".* FROM "users" WHERE "users"."id" = ? ORDER BY "users"."id" ASC LIMIT ?[0m  [["id", 2], ["LIMIT", 1]]
  Rendered books/show.html.erb within layouts/application (20.1ms)
  Rendered layouts/_header.html.erb (0.7ms)
  Rendered layouts/_footer.html.erb (0.3ms)
Completed 200 OK in 135ms (Views: 124.7ms | ActiveRecord: 1.4ms)


Started GET "/users" for 10.0.2.2 at 2021-07-26 06:49:26 +0000
Cannot render console from 10.0.2.2! Allowed networks: 127.0.0.1, ::1, 127.0.0.0/127.255.255.255
Processing by UsersController#index as HTML
  [1m[36mUser Load (1.2ms)[0m  [1m[34mSELECT  "users".* FROM "users" WHERE "users"."id" = ? ORDER BY "users"."id" ASC LIMIT ?[0m  [["id", 2], ["LIMIT", 1]]
  Rendering users/index.html.erb within layouts/application
  Rendered users/_info.html.erb (5.9ms)
  Rendered books/_form.html.erb (3.7ms)
  [1m[36mUser Load (0.3ms)[0m  [1m[34mSELECT "users".* FROM "users"[0m
  Rendered users/_index.html.erb (4.8ms)
  Rendered users/index.html.erb within layouts/application (27.9ms)
  Rendered layouts/_header.html.erb (0.8ms)
  Rendered layouts/_footer.html.erb (0.3ms)
Completed 200 OK in 129ms (Views: 119.4ms | ActiveRecord: 1.5ms)


Started GET "/users/1" for 10.0.2.2 at 2021-07-26 06:49:29 +0000
Cannot render console from 10.0.2.2! Allowed networks: 127.0.0.1, ::1, 127.0.0.0/127.255.255.255
Processing by UsersController#show as HTML
  Parameters: {"id"=>"1"}
  [1m[36mUser Load (1.2ms)[0m  [1m[34mSELECT  "users".* FROM "users" WHERE "users"."id" = ? ORDER BY "users"."id" ASC LIMIT ?[0m  [["id", 2], ["LIMIT", 1]]
  [1m[36mUser Load (0.9ms)[0m  [1m[34mSELECT  "users".* FROM "users" WHERE "users"."id" = ? LIMIT ?[0m  [["id", 1], ["LIMIT", 1]]
  Rendering users/show.html.erb within layouts/application
  Rendered users/_info.html.erb (3.3ms)
  Rendered books/_form.html.erb (2.7ms)
  [1m[36mBook Load (0.3ms)[0m  [1m[34mSELECT "books".* FROM "books" WHERE "books"."user_id" = ?[0m  [["user_id", 1]]
  [1m[36mActsAsTaggableOn::Tagging Load (0.4ms)[0m  [1m[34mSELECT "taggings".* FROM "taggings" WHERE "taggings"."taggable_id" = ? AND "taggings"."taggable_type" = ?[0m  [["taggable_id", 1], ["taggable_type", "Book"]]
  [1m[36mActsAsTaggableOn::Tag Load (0.5ms)[0m  [1m[34mSELECT "tags".* FROM "tags" INNER JOIN "taggings" ON "tags"."id" = "taggings"."tag_id" WHERE "taggings"."taggable_id" = ? AND "taggings"."taggable_type" = ? AND (taggings.context = 'tags' AND taggings.tagger_id IS NULL)[0m  [["taggable_id", 1], ["taggable_type", "Book"]]
  Rendered books/_tag_list.html.erb (0.6ms)
  Rendered books/_index.html.erb (16.0ms)
  Rendered users/show.html.erb within layouts/application (30.8ms)
  Rendered layouts/_header.html.erb (0.8ms)
  Rendered layouts/_footer.html.erb (0.3ms)
Completed 200 OK in 133ms (Views: 120.2ms | ActiveRecord: 3.4ms)


Started GET "/books" for 10.0.2.2 at 2021-07-26 06:49:35 +0000
Cannot render console from 10.0.2.2! Allowed networks: 127.0.0.1, ::1, 127.0.0.0/127.255.255.255
Processing by BooksController#index as HTML
  [1m[36mUser Load (0.7ms)[0m  [1m[34mSELECT  "users".* FROM "users" WHERE "users"."id" = ? ORDER BY "users"."id" ASC LIMIT ?[0m  [["id", 2], ["LIMIT", 1]]
  Rendering books/index.html.erb within layouts/application
  Rendered layouts/_errors.html.erb (1.0ms)
  Rendered users/_info.html.erb (3.4ms)
  Rendered books/_form.html.erb (2.8ms)
  [1m[36mBook Load (0.5ms)[0m  [1m[34mSELECT "books".* FROM "books"[0m
  [1m[36mUser Load (0.8ms)[0m  [1m[34mSELECT  "users".* FROM "users" WHERE "users"."id" = ? LIMIT ?[0m  [["id", 1], ["LIMIT", 1]]
  [1m[36mActsAsTaggableOn::Tagging Load (0.4ms)[0m  [1m[34mSELECT "taggings".* FROM "taggings" WHERE "taggings"."taggable_id" = ? AND "taggings"."taggable_type" = ?[0m  [["taggable_id", 1], ["taggable_type", "Book"]]
  [1m[36mActsAsTaggableOn::Tag Load (0.8ms)[0m  [1m[34mSELECT "tags".* FROM "tags" INNER JOIN "taggings" ON "tags"."id" = "taggings"."tag_id" WHERE "taggings"."taggable_id" = ? AND "taggings"."taggable_type" = ? AND (taggings.context = 'tags' AND taggings.tagger_id IS NULL)[0m  [["taggable_id", 1], ["taggable_type", "Book"]]
  Rendered books/_tag_list.html.erb (0.3ms)
  [1m[36mUser Load (0.5ms)[0m  [1m[34mSELECT  "users".* FROM "users" WHERE "users"."id" = ? LIMIT ?[0m  [["id", 2], ["LIMIT", 1]]
  [1m[36mActsAsTaggableOn::Tagging Load (0.3ms)[0m  [1m[34mSELECT "taggings".* FROM "taggings" WHERE "taggings"."taggable_id" = ? AND "taggings"."taggable_type" = ?[0m  [["taggable_id", 2], ["taggable_type", "Book"]]
  [1m[36mActsAsTaggableOn::Tag Load (0.4ms)[0m  [1m[34mSELECT "tags".* FROM "tags" INNER JOIN "taggings" ON "tags"."id" = "taggings"."tag_id" WHERE "taggings"."taggable_id" = ? AND "taggings"."taggable_type" = ? AND (taggings.context = 'tags' AND taggings.tagger_id IS NULL)[0m  [["taggable_id", 2], ["taggable_type", "Book"]]
  Rendered books/_tag_list.html.erb (0.0ms)
  Rendered books/_index.html.erb (22.5ms)
  Rendered books/index.html.erb within layouts/application (40.9ms)
  Rendered layouts/_header.html.erb (0.7ms)
  Rendered layouts/_footer.html.erb (0.3ms)
Completed 200 OK in 124ms (Views: 110.2ms | ActiveRecord: 4.4ms)


Started GET "/users/2" for 10.0.2.2 at 2021-07-26 06:49:40 +0000
Cannot render console from 10.0.2.2! Allowed networks: 127.0.0.1, ::1, 127.0.0.0/127.255.255.255
Processing by UsersController#show as HTML
  Parameters: {"id"=>"2"}
  [1m[36mUser Load (1.1ms)[0m  [1m[34mSELECT  "users".* FROM "users" WHERE "users"."id" = ? ORDER BY "users"."id" ASC LIMIT ?[0m  [["id", 2], ["LIMIT", 1]]
  [1m[36mUser Load (0.5ms)[0m  [1m[34mSELECT  "users".* FROM "users" WHERE "users"."id" = ? LIMIT ?[0m  [["id", 2], ["LIMIT", 1]]
  Rendering users/show.html.erb within layouts/application
  Rendered users/_info.html.erb (5.4ms)
  Rendered books/_form.html.erb (2.9ms)
  [1m[36mBook Load (0.5ms)[0m  [1m[34mSELECT "books".* FROM "books" WHERE "books"."user_id" = ?[0m  [["user_id", 2]]
  [1m[36mActsAsTaggableOn::Tagging Load (0.4ms)[0m  [1m[34mSELECT "taggings".* FROM "taggings" WHERE "taggings"."taggable_id" = ? AND "taggings"."taggable_type" = ?[0m  [["taggable_id", 2], ["taggable_type", "Book"]]
  [1m[36mActsAsTaggableOn::Tag Load (0.6ms)[0m  [1m[34mSELECT "tags".* FROM "tags" INNER JOIN "taggings" ON "tags"."id" = "taggings"."tag_id" WHERE "taggings"."taggable_id" = ? AND "taggings"."taggable_type" = ? AND (taggings.context = 'tags' AND taggings.tagger_id IS NULL)[0m  [["taggable_id", 2], ["taggable_type", "Book"]]
  Rendered books/_tag_list.html.erb (0.4ms)
  Rendered books/_index.html.erb (13.0ms)
  Rendered users/show.html.erb within layouts/application (30.6ms)
  Rendered layouts/_header.html.erb (0.7ms)
  Rendered layouts/_footer.html.erb (0.3ms)
Completed 200 OK in 113ms (Views: 104.0ms | ActiveRecord: 3.1ms)


Started GET "/users/2" for 10.0.2.2 at 2021-07-26 06:49:43 +0000
Cannot render console from 10.0.2.2! Allowed networks: 127.0.0.1, ::1, 127.0.0.0/127.255.255.255
Processing by UsersController#show as HTML
  Parameters: {"id"=>"2"}
  [1m[36mUser Load (0.6ms)[0m  [1m[34mSELECT  "users".* FROM "users" WHERE "users"."id" = ? ORDER BY "users"."id" ASC LIMIT ?[0m  [["id", 2], ["LIMIT", 1]]
  [1m[36mUser Load (0.5ms)[0m  [1m[34mSELECT  "users".* FROM "users" WHERE "users"."id" = ? LIMIT ?[0m  [["id", 2], ["LIMIT", 1]]
  Rendering users/show.html.erb within layouts/application
  Rendered users/_info.html.erb (4.4ms)
  Rendered books/_form.html.erb (2.9ms)
  [1m[36mBook Load (0.3ms)[0m  [1m[34mSELECT "books".* FROM "books" WHERE "books"."user_id" = ?[0m  [["user_id", 2]]
  [1m[36mActsAsTaggableOn::Tagging Load (0.4ms)[0m  [1m[34mSELECT "taggings".* FROM "taggings" WHERE "taggings"."taggable_id" = ? AND "taggings"."taggable_type" = ?[0m  [["taggable_id", 2], ["taggable_type", "Book"]]
  [1m[36mActsAsTaggableOn::Tag Load (0.4ms)[0m  [1m[34mSELECT "tags".* FROM "tags" INNER JOIN "taggings" ON "tags"."id" = "taggings"."tag_id" WHERE "taggings"."taggable_id" = ? AND "taggings"."taggable_type" = ? AND (taggings.context = 'tags' AND taggings.tagger_id IS NULL)[0m  [["taggable_id", 2], ["taggable_type", "Book"]]
  Rendered books/_tag_list.html.erb (0.3ms)
  Rendered books/_index.html.erb (9.6ms)
  Rendered users/show.html.erb within layouts/application (24.6ms)
  Rendered layouts/_header.html.erb (0.7ms)
  Rendered layouts/_footer.html.erb (0.2ms)
Completed 200 OK in 115ms (Views: 107.1ms | ActiveRecord: 2.2ms)


Started GET "/books" for 10.0.2.2 at 2021-07-26 06:49:44 +0000
Cannot render console from 10.0.2.2! Allowed networks: 127.0.0.1, ::1, 127.0.0.0/127.255.255.255
Processing by BooksController#index as HTML
  [1m[36mUser Load (0.6ms)[0m  [1m[34mSELECT  "users".* FROM "users" WHERE "users"."id" = ? ORDER BY "users"."id" ASC LIMIT ?[0m  [["id", 2], ["LIMIT", 1]]
  Rendering books/index.html.erb within layouts/application
  Rendered layouts/_errors.html.erb (0.7ms)
  Rendered users/_info.html.erb (4.6ms)
  Rendered books/_form.html.erb (2.4ms)
  [1m[36mBook Load (0.3ms)[0m  [1m[34mSELECT "books".* FROM "books"[0m
  [1m[36mUser Load (0.5ms)[0m  [1m[34mSELECT  "users".* FROM "users" WHERE "users"."id" = ? LIMIT ?[0m  [["id", 1], ["LIMIT", 1]]
  [1m[36mActsAsTaggableOn::Tagging Load (0.4ms)[0m  [1m[34mSELECT "taggings".* FROM "taggings" WHERE "taggings"."taggable_id" = ? AND "taggings"."taggable_type" = ?[0m  [["taggable_id", 1], ["taggable_type", "Book"]]
  [1m[36mActsAsTaggableOn::Tag Load (0.7ms)[0m  [1m[34mSELECT "tags".* FROM "tags" INNER JOIN "taggings" ON "tags"."id" = "taggings"."tag_id" WHERE "taggings"."taggable_id" = ? AND "taggings"."taggable_type" = ? AND (taggings.context = 'tags' AND taggings.tagger_id IS NULL)[0m  [["taggable_id", 1], ["taggable_type", "Book"]]
  Rendered books/_tag_list.html.erb (0.3ms)
  [1m[36mUser Load (0.4ms)[0m  [1m[34mSELECT  "users".* FROM "users" WHERE "users"."id" = ? LIMIT ?[0m  [["id", 2], ["LIMIT", 1]]
  [1m[36mActsAsTaggableOn::Tagging Load (0.3ms)[0m  [1m[34mSELECT "taggings".* FROM "taggings" WHERE "taggings"."taggable_id" = ? AND "taggings"."taggable_type" = ?[0m  [["taggable_id", 2], ["taggable_type", "Book"]]
  [1m[36mActsAsTaggableOn::Tag Load (0.4ms)[0m  [1m[34mSELECT "tags".* FROM "tags" INNER JOIN "taggings" ON "tags"."id" = "taggings"."tag_id" WHERE "taggings"."taggable_id" = ? AND "taggings"."taggable_type" = ? AND (taggings.context = 'tags' AND taggings.tagger_id IS NULL)[0m  [["taggable_id", 2], ["taggable_type", "Book"]]
  Rendered books/_tag_list.html.erb (0.0ms)
  Rendered books/_index.html.erb (21.8ms)
  Rendered books/index.html.erb within layouts/application (44.0ms)
  Rendered layouts/_header.html.erb (0.7ms)
  Rendered layouts/_footer.html.erb (0.2ms)
Completed 200 OK in 136ms (Views: 122.8ms | ActiveRecord: 3.6ms)


Started GET "/books/1" for 10.0.2.2 at 2021-07-26 06:49:57 +0000
Cannot render console from 10.0.2.2! Allowed networks: 127.0.0.1, ::1, 127.0.0.0/127.255.255.255
Processing by BooksController#show as HTML
  Parameters: {"id"=>"1"}
  [1m[36mBook Load (1.0ms)[0m  [1m[34mSELECT  "books".* FROM "books" WHERE "books"."id" = ? LIMIT ?[0m  [["id", 1], ["LIMIT", 1]]
  Rendering books/show.html.erb within layouts/application
  [1m[36mUser Load (0.9ms)[0m  [1m[34mSELECT  "users".* FROM "users" WHERE "users"."id" = ? LIMIT ?[0m  [["id", 1], ["LIMIT", 1]]
  Rendered users/_info.html.erb (3.1ms)
  Rendered books/_form.html.erb (4.0ms)
  [1m[36mUser Load (0.3ms)[0m  [1m[34mSELECT  "users".* FROM "users" WHERE "users"."id" = ? ORDER BY "users"."id" ASC LIMIT ?[0m  [["id", 2], ["LIMIT", 1]]
  Rendered books/show.html.erb within layouts/application (22.5ms)
  Rendered layouts/_header.html.erb (0.7ms)
  Rendered layouts/_footer.html.erb (0.2ms)
Completed 200 OK in 114ms (Views: 104.0ms | ActiveRecord: 2.2ms)


Started GET "/books/1" for 10.0.2.2 at 2021-07-26 06:50:47 +0000
Cannot render console from 10.0.2.2! Allowed networks: 127.0.0.1, ::1, 127.0.0.0/127.255.255.255
Processing by BooksController#show as HTML
  Parameters: {"id"=>"1"}
  [1m[36mBook Load (0.7ms)[0m  [1m[34mSELECT  "books".* FROM "books" WHERE "books"."id" = ? LIMIT ?[0m  [["id", 1], ["LIMIT", 1]]
  Rendering books/show.html.erb within layouts/application
  [1m[36mUser Load (1.2ms)[0m  [1m[34mSELECT  "users".* FROM "users" WHERE "users"."id" = ? LIMIT ?[0m  [["id", 1], ["LIMIT", 1]]
  Rendered users/_info.html.erb (4.3ms)
  Rendered books/_form.html.erb (2.3ms)
  Rendered books/show.html.erb within layouts/application (283.6ms)
Completed 500 Internal Server Error in 296ms (ActiveRecord: 1.8ms)


  
ActionView::Template::Error (undefined local variable or method `book' for #<#<Class:0x00007f75c03501f0>:0x00007f75d0695e18>
Did you mean?  @book):
    19:         <td><%= link_to @book.title, @book %></td>
    20:         <td><%= @book.body %></td>
    21:         <td>
    22:           <%= render 'books/tag_list', tag_list: book.tag_list %>
    23:         </td>
    24:         <% if @book.user == current_user %>
    25:           <td><%= link_to 'Edit', edit_book_path(@book), class: "btn-sm btn-success edit_book_#{@book.id}" %></td>
  
app/views/books/show.html.erb:22:in `_app_views_books_show_html_erb__4196420145127293911_70071992234940'
Started GET "/books/1" for 10.0.2.2 at 2021-07-26 06:50:57 +0000
Cannot render console from 10.0.2.2! Allowed networks: 127.0.0.1, ::1, 127.0.0.0/127.255.255.255
Processing by BooksController#show as HTML
  Parameters: {"id"=>"1"}
  [1m[36mBook Load (0.5ms)[0m  [1m[34mSELECT  "books".* FROM "books" WHERE "books"."id" = ? LIMIT ?[0m  [["id", 1], ["LIMIT", 1]]
  Rendering books/show.html.erb within layouts/application
  [1m[36mUser Load (0.6ms)[0m  [1m[34mSELECT  "users".* FROM "users" WHERE "users"."id" = ? LIMIT ?[0m  [["id", 1], ["LIMIT", 1]]
  Rendered users/_info.html.erb (33.7ms)
  Rendered books/_form.html.erb (5.4ms)
  [1m[36mActsAsTaggableOn::Tagging Load (1.4ms)[0m  [1m[34mSELECT "taggings".* FROM "taggings" WHERE "taggings"."taggable_id" = ? AND "taggings"."taggable_type" = ?[0m  [["taggable_id", 1], ["taggable_type", "Book"]]
  [1m[36mActsAsTaggableOn::Tag Load (0.5ms)[0m  [1m[34mSELECT "tags".* FROM "tags" INNER JOIN "taggings" ON "tags"."id" = "taggings"."tag_id" WHERE "taggings"."taggable_id" = ? AND "taggings"."taggable_type" = ? AND (taggings.context = 'tags' AND taggings.tagger_id IS NULL)[0m  [["taggable_id", 1], ["taggable_type", "Book"]]
  Rendered books/_tag_list.html.erb (0.6ms)
  [1m[36mUser Load (0.8ms)[0m  [1m[34mSELECT  "users".* FROM "users" WHERE "users"."id" = ? ORDER BY "users"."id" ASC LIMIT ?[0m  [["id", 2], ["LIMIT", 1]]
  Rendered books/show.html.erb within layouts/application (61.0ms)
  Rendered layouts/_header.html.erb (0.7ms)
  Rendered layouts/_footer.html.erb (0.3ms)
Completed 200 OK in 138ms (Views: 130.8ms | ActiveRecord: 3.8ms)


Started GET "/books" for 10.0.2.2 at 2021-07-26 06:51:12 +0000
Cannot render console from 10.0.2.2! Allowed networks: 127.0.0.1, ::1, 127.0.0.0/127.255.255.255
Processing by BooksController#index as HTML
  [1m[36mUser Load (0.7ms)[0m  [1m[34mSELECT  "users".* FROM "users" WHERE "users"."id" = ? ORDER BY "users"."id" ASC LIMIT ?[0m  [["id", 2], ["LIMIT", 1]]
  Rendering books/index.html.erb within layouts/application
  Rendered layouts/_errors.html.erb (0.5ms)
  Rendered users/_info.html.erb (2.8ms)
  Rendered books/_form.html.erb (4.4ms)
  [1m[36mBook Load (0.4ms)[0m  [1m[34mSELECT "books".* FROM "books"[0m
  [1m[36mUser Load (0.6ms)[0m  [1m[34mSELECT  "users".* FROM "users" WHERE "users"."id" = ? LIMIT ?[0m  [["id", 1], ["LIMIT", 1]]
  [1m[36mActsAsTaggableOn::Tagging Load (0.4ms)[0m  [1m[34mSELECT "taggings".* FROM "taggings" WHERE "taggings"."taggable_id" = ? AND "taggings"."taggable_type" = ?[0m  [["taggable_id", 1], ["taggable_type", "Book"]]
  [1m[36mActsAsTaggableOn::Tag Load (0.5ms)[0m  [1m[34mSELECT "tags".* FROM "tags" INNER JOIN "taggings" ON "tags"."id" = "taggings"."tag_id" WHERE "taggings"."taggable_id" = ? AND "taggings"."taggable_type" = ? AND (taggings.context = 'tags' AND taggings.tagger_id IS NULL)[0m  [["taggable_id", 1], ["taggable_type", "Book"]]
  Rendered books/_tag_list.html.erb (0.5ms)
  [1m[36mUser Load (0.6ms)[0m  [1m[34mSELECT  "users".* FROM "users" WHERE "users"."id" = ? LIMIT ?[0m  [["id", 2], ["LIMIT", 1]]
  [1m[36mActsAsTaggableOn::Tagging Load (0.6ms)[0m  [1m[34mSELECT "taggings".* FROM "taggings" WHERE "taggings"."taggable_id" = ? AND "taggings"."taggable_type" = ?[0m  [["taggable_id", 2], ["taggable_type", "Book"]]
  [1m[36mActsAsTaggableOn::Tag Load (0.8ms)[0m  [1m[34mSELECT "tags".* FROM "tags" INNER JOIN "taggings" ON "tags"."id" = "taggings"."tag_id" WHERE "taggings"."taggable_id" = ? AND "taggings"."taggable_type" = ? AND (taggings.context = 'tags' AND taggings.tagger_id IS NULL)[0m  [["taggable_id", 2], ["taggable_type", "Book"]]
  Rendered books/_tag_list.html.erb (0.0ms)
  Rendered books/_index.html.erb (26.9ms)
  Rendered books/index.html.erb within layouts/application (49.6ms)
  Rendered layouts/_header.html.erb (1.0ms)
  Rendered layouts/_footer.html.erb (0.3ms)
Completed 200 OK in 182ms (Views: 170.9ms | ActiveRecord: 4.5ms)


Started GET "/books/2" for 10.0.2.2 at 2021-07-26 06:51:17 +0000
Cannot render console from 10.0.2.2! Allowed networks: 127.0.0.1, ::1, 127.0.0.0/127.255.255.255
Processing by BooksController#show as HTML
  Parameters: {"id"=>"2"}
  [1m[36mBook Load (1.0ms)[0m  [1m[34mSELECT  "books".* FROM "books" WHERE "books"."id" = ? LIMIT ?[0m  [["id", 2], ["LIMIT", 1]]
  Rendering books/show.html.erb within layouts/application
  [1m[36mUser Load (0.4ms)[0m  [1m[34mSELECT  "users".* FROM "users" WHERE "users"."id" = ? LIMIT ?[0m  [["id", 2], ["LIMIT", 1]]
  Rendered users/_info.html.erb (4.1ms)
  Rendered books/_form.html.erb (4.4ms)
  [1m[36mActsAsTaggableOn::Tagging Load (0.3ms)[0m  [1m[34mSELECT "taggings".* FROM "taggings" WHERE "taggings"."taggable_id" = ? AND "taggings"."taggable_type" = ?[0m  [["taggable_id", 2], ["taggable_type", "Book"]]
  [1m[36mActsAsTaggableOn::Tag Load (0.4ms)[0m  [1m[34mSELECT "tags".* FROM "tags" INNER JOIN "taggings" ON "tags"."id" = "taggings"."tag_id" WHERE "taggings"."taggable_id" = ? AND "taggings"."taggable_type" = ? AND (taggings.context = 'tags' AND taggings.tagger_id IS NULL)[0m  [["taggable_id", 2], ["taggable_type", "Book"]]
  Rendered books/_tag_list.html.erb (1.4ms)
  [1m[36mUser Load (1.5ms)[0m  [1m[34mSELECT  "users".* FROM "users" WHERE "users"."id" = ? ORDER BY "users"."id" ASC LIMIT ?[0m  [["id", 2], ["LIMIT", 1]]
  Rendered books/show.html.erb within layouts/application (29.8ms)
  Rendered layouts/_header.html.erb (0.7ms)
  Rendered layouts/_footer.html.erb (0.3ms)
Completed 200 OK in 223ms (Views: 175.3ms | ActiveRecord: 3.5ms)


Started GET "/books/2/edit" for 10.0.2.2 at 2021-07-26 06:51:19 +0000
Cannot render console from 10.0.2.2! Allowed networks: 127.0.0.1, ::1, 127.0.0.0/127.255.255.255
Processing by BooksController#edit as HTML
  Parameters: {"id"=>"2"}
  [1m[36mUser Load (0.6ms)[0m  [1m[34mSELECT  "users".* FROM "users" WHERE "users"."id" = ? ORDER BY "users"."id" ASC LIMIT ?[0m  [["id", 2], ["LIMIT", 1]]
  [1m[36mBook Load (0.6ms)[0m  [1m[34mSELECT  "books".* FROM "books" WHERE "books"."id" = ? LIMIT ?[0m  [["id", 2], ["LIMIT", 1]]
  [1m[36mUser Load (1.0ms)[0m  [1m[34mSELECT  "users".* FROM "users" WHERE "users"."id" = ? LIMIT ?[0m  [["id", 2], ["LIMIT", 1]]
  Rendering books/edit.html.erb within layouts/application
  Rendered layouts/_errors.html.erb (0.4ms)
  [1m[36mActsAsTaggableOn::Tagging Load (0.3ms)[0m  [1m[34mSELECT "taggings".* FROM "taggings" WHERE "taggings"."taggable_id" = ? AND "taggings"."taggable_type" = ?[0m  [["taggable_id", 2], ["taggable_type", "Book"]]
  [1m[36mActsAsTaggableOn::Tag Load (0.3ms)[0m  [1m[34mSELECT "tags".* FROM "tags" INNER JOIN "taggings" ON "tags"."id" = "taggings"."tag_id" WHERE "taggings"."taggable_id" = ? AND "taggings"."taggable_type" = ? AND (taggings.context = 'tags' AND taggings.tagger_id IS NULL)[0m  [["taggable_id", 2], ["taggable_type", "Book"]]
  Rendered books/_form.html.erb (4.8ms)
  Rendered books/edit.html.erb within layouts/application (10.5ms)
  Rendered layouts/_header.html.erb (1.0ms)
  Rendered layouts/_footer.html.erb (0.3ms)
Completed 200 OK in 91ms (Views: 79.6ms | ActiveRecord: 2.9ms)


Started PATCH "/books/2" for 10.0.2.2 at 2021-07-26 06:51:34 +0000
Cannot render console from 10.0.2.2! Allowed networks: 127.0.0.1, ::1, 127.0.0.0/127.255.255.255
Processing by BooksController#update as HTML
  Parameters: {"utf8"=>"✓", "authenticity_token"=>"Rc0GDu/cskVjqckHJX1sH/v8H3kYQew8370ahtVh6xQXPo9cnKYARrAwCcRLbjAvr8M5GXmk5hTG/9KwS2DyBg==", "book"=>{"title"=>"taj", "body"=>"gejaio", "tag_list"=>"tag1,tag2,JE,GEM"}, "commit"=>"Update Book", "id"=>"2"}
  [1m[36mUser Load (1.1ms)[0m  [1m[34mSELECT  "users".* FROM "users" WHERE "users"."id" = ? ORDER BY "users"."id" ASC LIMIT ?[0m  [["id", 2], ["LIMIT", 1]]
  [1m[36mBook Load (0.7ms)[0m  [1m[34mSELECT  "books".* FROM "books" WHERE "books"."id" = ? LIMIT ?[0m  [["id", 2], ["LIMIT", 1]]
  [1m[35m (0.1ms)[0m  [1m[36mbegin transaction[0m
  [1m[36mActsAsTaggableOn::Tagging Load (0.7ms)[0m  [1m[34mSELECT "taggings".* FROM "taggings" WHERE "taggings"."taggable_id" = ? AND "taggings"."taggable_type" = ?[0m  [["taggable_id", 2], ["taggable_type", "Book"]]
  [1m[36mActsAsTaggableOn::Tag Load (0.2ms)[0m  [1m[34mSELECT "tags".* FROM "tags" INNER JOIN "taggings" ON "tags"."id" = "taggings"."tag_id" WHERE "taggings"."taggable_id" = ? AND "taggings"."taggable_type" = ? AND (taggings.context = 'tags' AND taggings.tagger_id IS NULL)[0m  [["taggable_id", 2], ["taggable_type", "Book"]]
  [1m[36mUser Load (0.1ms)[0m  [1m[34mSELECT  "users".* FROM "users" WHERE "users"."id" = ? LIMIT ?[0m  [["id", 2], ["LIMIT", 1]]
  [1m[36mBook Update (2.2ms)[0m  [1m[33mUPDATE "books" SET "updated_at" = ? WHERE "books"."id" = ?[0m  [["updated_at", "2021-07-26 06:51:35.000579"], ["id", 2]]
  [1m[36mActsAsTaggableOn::Tag Load (0.1ms)[0m  [1m[34mSELECT "tags".* FROM "tags" WHERE (LOWER(name) = LOWER('tag1') OR LOWER(name) = LOWER('tag2') OR LOWER(name) = LOWER('je') OR LOWER(name) = LOWER('gem'))[0m
  [1m[36mActsAsTaggableOn::Tag Exists (0.2ms)[0m  [1m[34mSELECT  1 AS one FROM "tags" WHERE "tags"."name" = ? LIMIT ?[0m  [["name", "GEM"], ["LIMIT", 1]]
  [1m[36mActsAsTaggableOn::Tag Create (1.3ms)[0m  [1m[32mINSERT INTO "tags" ("name", "created_at", "updated_at") VALUES (?, ?, ?)[0m  [["name", "GEM"], ["created_at", "2021-07-26 06:51:35.008321"], ["updated_at", "2021-07-26 06:51:35.008321"]]
  [1m[36mActsAsTaggableOn::Tag Load (0.1ms)[0m  [1m[34mSELECT "tags".* FROM "tags" INNER JOIN "taggings" ON "tags"."id" = "taggings"."tag_id" WHERE "taggings"."taggable_id" = ? AND "taggings"."taggable_type" = ? AND (taggings.context = 'tags' AND taggings.tagger_id IS NULL)[0m  [["taggable_id", 2], ["taggable_type", "Book"]]
  [1m[36mActsAsTaggableOn::Tag Load (0.1ms)[0m  [1m[34mSELECT  "tags".* FROM "tags" WHERE "tags"."id" = ? LIMIT ?[0m  [["id", 6], ["LIMIT", 1]]
  [1m[36mActsAsTaggableOn::Tagging Exists (0.1ms)[0m  [1m[34mSELECT  1 AS one FROM "taggings" WHERE "taggings"."tag_id" = ? AND "taggings"."taggable_type" = ? AND "taggings"."taggable_id" = ? AND "taggings"."context" = ? AND "taggings"."tagger_id" IS NULL AND "taggings"."tagger_type" IS NULL LIMIT ?[0m  [["tag_id", 6], ["taggable_type", "Book"], ["taggable_id", 2], ["context", "tags"], ["LIMIT", 1]]
  [1m[36mActsAsTaggableOn::Tagging Create (2.3ms)[0m  [1m[32mINSERT INTO "taggings" ("tag_id", "taggable_type", "taggable_id", "context", "created_at") VALUES (?, ?, ?, ?, ?)[0m  [["tag_id", 6], ["taggable_type", "Book"], ["taggable_id", 2], ["context", "tags"], ["created_at", "2021-07-26 06:51:35.016692"]]
  [1m[36mActsAsTaggableOn::Tag Update All (0.2ms)[0m  [1m[33mUPDATE "tags" SET "taggings_count" = COALESCE("taggings_count", 0) + 1 WHERE "tags"."id" = ?[0m  [["id", 6]]
  [1m[36mActsAsTaggableOn::Tag Load (0.1ms)[0m  [1m[34mSELECT "tags".* FROM "tags" WHERE (LOWER(name) = LOWER('tag1') OR LOWER(name) = LOWER('tag2') OR LOWER(name) = LOWER('je') OR LOWER(name) = LOWER('gem'))[0m
  [1m[36mActsAsTaggableOn::Tag Load (0.4ms)[0m  [1m[34mSELECT "tags".* FROM "tags" INNER JOIN "taggings" ON "tags"."id" = "taggings"."tag_id" WHERE "taggings"."taggable_id" = ? AND "taggings"."taggable_type" = ? AND (taggings.context = 'tags' AND taggings.tagger_id IS NULL)[0m  [["taggable_id", 2], ["taggable_type", "Book"]]
  [1m[35m (2.2ms)[0m  [1m[36mcommit transaction[0m
Redirected to http://localhost:3000/books/2
Completed 302 Found in 45ms (ActiveRecord: 12.4ms)


Started GET "/books/2" for 10.0.2.2 at 2021-07-26 06:51:35 +0000
Cannot render console from 10.0.2.2! Allowed networks: 127.0.0.1, ::1, 127.0.0.0/127.255.255.255
Processing by BooksController#show as HTML
  Parameters: {"id"=>"2"}
  [1m[36mBook Load (0.9ms)[0m  [1m[34mSELECT  "books".* FROM "books" WHERE "books"."id" = ? LIMIT ?[0m  [["id", 2], ["LIMIT", 1]]
  Rendering books/show.html.erb within layouts/application
  [1m[36mUser Load (0.3ms)[0m  [1m[34mSELECT  "users".* FROM "users" WHERE "users"."id" = ? LIMIT ?[0m  [["id", 2], ["LIMIT", 1]]
  Rendered users/_info.html.erb (3.7ms)
  Rendered books/_form.html.erb (2.6ms)
  [1m[36mActsAsTaggableOn::Tagging Load (0.5ms)[0m  [1m[34mSELECT "taggings".* FROM "taggings" WHERE "taggings"."taggable_id" = ? AND "taggings"."taggable_type" = ?[0m  [["taggable_id", 2], ["taggable_type", "Book"]]
  [1m[36mActsAsTaggableOn::Tag Load (0.6ms)[0m  [1m[34mSELECT "tags".* FROM "tags" INNER JOIN "taggings" ON "tags"."id" = "taggings"."tag_id" WHERE "taggings"."taggable_id" = ? AND "taggings"."taggable_type" = ? AND (taggings.context = 'tags' AND taggings.tagger_id IS NULL)[0m  [["taggable_id", 2], ["taggable_type", "Book"]]
  Rendered books/_tag_list.html.erb (0.4ms)
  [1m[36mUser Load (0.4ms)[0m  [1m[34mSELECT  "users".* FROM "users" WHERE "users"."id" = ? ORDER BY "users"."id" ASC LIMIT ?[0m  [["id", 2], ["LIMIT", 1]]
  Rendered books/show.html.erb within layouts/application (26.5ms)
  Rendered layouts/_header.html.erb (1.3ms)
  Rendered layouts/_footer.html.erb (0.3ms)
Completed 200 OK in 130ms (Views: 122.3ms | ActiveRecord: 2.7ms)


